{
  "/Users/evanalto/Desktop/fullstack/shoebae/server/api/users.spec.js": {
    "path":
      "/Users/evanalto/Desktop/fullstack/shoebae/server/api/users.spec.js",
    "statementMap": {
      "0": {
        "start": {"line": 3, "column": 77},
        "end": {"line": 3, "column": 175}
      },
      "1": {
        "start": {"line": 3, "column": 94},
        "end": {"line": 3, "column": 107}
      },
      "2": {
        "start": {"line": 3, "column": 121},
        "end": {"line": 3, "column": 131}
      },
      "3": {
        "start": {"line": 3, "column": 151},
        "end": {"line": 3, "column": 165}
      },
      "4": {
        "start": {"line": 3, "column": 166},
        "end": {"line": 3, "column": 173}
      },
      "5": {
        "start": {"line": 3, "column": 176},
        "end": {"line": 3, "column": 263}
      },
      "6": {
        "start": {"line": 3, "column": 193},
        "end": {"line": 3, "column": 208}
      },
      "7": {
        "start": {"line": 3, "column": 218},
        "end": {"line": 3, "column": 261}
      },
      "8": {
        "start": {"line": 5, "column": 33},
        "end": {"line": 5, "column": 387}
      },
      "9": {
        "start": {"line": 5, "column": 65},
        "end": {"line": 5, "column": 69}
      },
      "10": {
        "start": {"line": 5, "column": 78},
        "end": {"line": 5, "column": 87}
      },
      "11": {
        "start": {"line": 5, "column": 89},
        "end": {"line": 5, "column": 384}
      },
      "12": {
        "start": {"line": 5, "column": 147},
        "end": {"line": 5, "column": 167}
      },
      "13": {
        "start": {"line": 5, "column": 193},
        "end": {"line": 5, "column": 264}
      },
      "14": {
        "start": {"line": 5, "column": 290},
        "end": {"line": 5, "column": 360}
      },
      "15": {
        "start": {"line": 5, "column": 363},
        "end": {"line": 5, "column": 380}
      },
      "16": {
        "start": {"line": 8, "column": 15},
        "end": {"line": 8, "column": 30}
      },
      "17": {
        "start": {"line": 9, "column": 13},
        "end": {"line": 9, "column": 28}
      },
      "18": {
        "start": {"line": 11, "column": 14},
        "end": {"line": 11, "column": 34}
      },
      "19": {
        "start": {"line": 13, "column": 9},
        "end": {"line": 13, "column": 25}
      },
      "20": {
        "start": {"line": 15, "column": 10},
        "end": {"line": 15, "column": 29}
      },
      "21": {
        "start": {"line": 17, "column": 11},
        "end": {"line": 17, "column": 27}
      },
      "22": {
        "start": {"line": 18, "column": 0},
        "end": {"line": 57, "column": 3}
      },
      "23": {
        "start": {"line": 19, "column": 2},
        "end": {"line": 23, "column": 5}
      },
      "24": {
        "start": {"line": 20, "column": 4},
        "end": {"line": 22, "column": 7}
      },
      "25": {
        "start": {"line": 24, "column": 2},
        "end": {"line": 56, "column": 5}
      },
      "26": {
        "start": {"line": 25, "column": 21},
        "end": {"line": 25, "column": 41}
      },
      "27": {
        "start": {"line": 26, "column": 4},
        "end": {"line": 30, "column": 7}
      },
      "28": {
        "start": {"line": 27, "column": 6},
        "end": {"line": 29, "column": 9}
      },
      "29": {
        "start": {"line": 31, "column": 4},
        "end": {"line": 55, "column": 9}
      },
      "30": {
        "start": {"line": 37, "column": 6},
        "end": {"line": 54, "column": 24}
      },
      "31": {
        "start": {"line": 38, "column": 8},
        "end": {"line": 53, "column": 9}
      },
      "32": {
        "start": {"line": 39, "column": 10},
        "end": {"line": 52, "column": 11}
      },
      "33": {
        "start": {"line": 41, "column": 14},
        "end": {"line": 41, "column": 32}
      },
      "34": {
        "start": {"line": 42, "column": 14},
        "end": {"line": 42, "column": 64}
      },
      "35": {
        "start": {"line": 45, "column": 14},
        "end": {"line": 45, "column": 34}
      },
      "36": {
        "start": {"line": 46, "column": 14},
        "end": {"line": 46, "column": 49}
      },
      "37": {
        "start": {"line": 47, "column": 14},
        "end": {"line": 47, "column": 64}
      },
      "38": {
        "start": {"line": 51, "column": 14},
        "end": {"line": 51, "column": 37}
      }
    },
    "fnMap": {
      "0": {
        "name": "asyncGeneratorStep",
        "decl": {
          "start": {"line": 3, "column": 9},
          "end": {"line": 3, "column": 27}
        },
        "loc": {
          "start": {"line": 3, "column": 75},
          "end": {"line": 3, "column": 265}
        },
        "line": 3
      },
      "1": {
        "name": "_asyncToGenerator",
        "decl": {
          "start": {"line": 5, "column": 9},
          "end": {"line": 5, "column": 26}
        },
        "loc": {
          "start": {"line": 5, "column": 31},
          "end": {"line": 5, "column": 389}
        },
        "line": 5
      },
      "2": {
        "name": "(anonymous_2)",
        "decl": {
          "start": {"line": 5, "column": 40},
          "end": {"line": 5, "column": 41}
        },
        "loc": {
          "start": {"line": 5, "column": 52},
          "end": {"line": 5, "column": 386}
        },
        "line": 5
      },
      "3": {
        "name": "(anonymous_3)",
        "decl": {
          "start": {"line": 5, "column": 108},
          "end": {"line": 5, "column": 109}
        },
        "loc": {
          "start": {"line": 5, "column": 135},
          "end": {"line": 5, "column": 382}
        },
        "line": 5
      },
      "4": {
        "name": "_next",
        "decl": {
          "start": {"line": 5, "column": 178},
          "end": {"line": 5, "column": 183}
        },
        "loc": {
          "start": {"line": 5, "column": 191},
          "end": {"line": 5, "column": 266}
        },
        "line": 5
      },
      "5": {
        "name": "_throw",
        "decl": {
          "start": {"line": 5, "column": 276},
          "end": {"line": 5, "column": 282}
        },
        "loc": {
          "start": {"line": 5, "column": 288},
          "end": {"line": 5, "column": 362}
        },
        "line": 5
      },
      "6": {
        "name": "(anonymous_6)",
        "decl": {
          "start": {"line": 18, "column": 24},
          "end": {"line": 18, "column": 25}
        },
        "loc": {
          "start": {"line": 18, "column": 36},
          "end": {"line": 57, "column": 1}
        },
        "line": 18
      },
      "7": {
        "name": "(anonymous_7)",
        "decl": {
          "start": {"line": 19, "column": 13},
          "end": {"line": 19, "column": 14}
        },
        "loc": {
          "start": {"line": 19, "column": 25},
          "end": {"line": 23, "column": 3}
        },
        "line": 19
      },
      "8": {
        "name": "(anonymous_8)",
        "decl": {
          "start": {"line": 24, "column": 26},
          "end": {"line": 24, "column": 27}
        },
        "loc": {
          "start": {"line": 24, "column": 38},
          "end": {"line": 56, "column": 3}
        },
        "line": 24
      },
      "9": {
        "name": "(anonymous_9)",
        "decl": {
          "start": {"line": 26, "column": 15},
          "end": {"line": 26, "column": 16}
        },
        "loc": {
          "start": {"line": 26, "column": 27},
          "end": {"line": 30, "column": 5}
        },
        "line": 26
      },
      "10": {
        "name": "_callee",
        "decl": {
          "start": {"line": 35, "column": 37},
          "end": {"line": 35, "column": 44}
        },
        "loc": {
          "start": {"line": 35, "column": 47},
          "end": {"line": 55, "column": 5}
        },
        "line": 35
      },
      "11": {
        "name": "_callee$",
        "decl": {
          "start": {"line": 37, "column": 46},
          "end": {"line": 37, "column": 54}
        },
        "loc": {
          "start": {"line": 37, "column": 65},
          "end": {"line": 54, "column": 7}
        },
        "line": 37
      }
    },
    "branchMap": {
      "0": {
        "loc": {
          "start": {"line": 3, "column": 176},
          "end": {"line": 3, "column": 263}
        },
        "type": "if",
        "locations": [
          {
            "start": {"line": 3, "column": 176},
            "end": {"line": 3, "column": 263}
          },
          {
            "start": {"line": 3, "column": 176},
            "end": {"line": 3, "column": 263}
          }
        ],
        "line": 3
      },
      "1": {
        "loc": {
          "start": {"line": 39, "column": 10},
          "end": {"line": 52, "column": 11}
        },
        "type": "switch",
        "locations": [
          {
            "start": {"line": 40, "column": 12},
            "end": {"line": 42, "column": 64}
          },
          {
            "start": {"line": 44, "column": 12},
            "end": {"line": 47, "column": 64}
          },
          {
            "start": {"line": 49, "column": 12},
            "end": {"line": 49, "column": 19}
          },
          {
            "start": {"line": 50, "column": 12},
            "end": {"line": 51, "column": 37}
          }
        ],
        "line": 39
      }
    },
    "s": {
      "0": 2,
      "1": 2,
      "2": 2,
      "3": 0,
      "4": 0,
      "5": 2,
      "6": 1,
      "7": 1,
      "8": 1,
      "9": 1,
      "10": 1,
      "11": 1,
      "12": 1,
      "13": 2,
      "14": 0,
      "15": 1,
      "16": 1,
      "17": 1,
      "18": 1,
      "19": 1,
      "20": 1,
      "21": 1,
      "22": 1,
      "23": 1,
      "24": 1,
      "25": 1,
      "26": 1,
      "27": 1,
      "28": 1,
      "29": 1,
      "30": 1,
      "31": 2,
      "32": 2,
      "33": 1,
      "34": 1,
      "35": 1,
      "36": 1,
      "37": 1,
      "38": 1
    },
    "f": {
      "0": 2,
      "1": 1,
      "2": 1,
      "3": 1,
      "4": 2,
      "5": 0,
      "6": 1,
      "7": 1,
      "8": 1,
      "9": 1,
      "10": 1,
      "11": 2
    },
    "b": {"0": [1, 1], "1": [1, 1, 1, 1]},
    "_coverageSchema": "43e27e138ebf9cfc5966b082cf9a028302ed4184",
    "hash": "319de5ad93e9836fd07b2132b38d2a0f19f6c10c",
    "contentHash": "0ad0d6434b41fb9dfba4ac398648bbf1"
  },
  "/Users/evanalto/Desktop/fullstack/shoebae/server/db/index.js": {
    "path": "/Users/evanalto/Desktop/fullstack/shoebae/server/db/index.js",
    "statementMap": {
      "0": {
        "start": {"line": 3, "column": 9},
        "end": {"line": 3, "column": 24}
      },
      "1": {
        "start": {"line": 6, "column": 0},
        "end": {"line": 6, "column": 20}
      },
      "2": {"start": {"line": 8, "column": 0}, "end": {"line": 8, "column": 20}}
    },
    "fnMap": {},
    "branchMap": {},
    "s": {"0": 1, "1": 1, "2": 1},
    "f": {},
    "b": {},
    "_coverageSchema": "43e27e138ebf9cfc5966b082cf9a028302ed4184",
    "hash": "58065504bc76fd6b1e06d376d1ea1645e595cf91",
    "contentHash": "c50040d4855be801c90babed3a21d109"
  },
  "/Users/evanalto/Desktop/fullstack/shoebae/server/db/db.js": {
    "path": "/Users/evanalto/Desktop/fullstack/shoebae/server/db/db.js",
    "statementMap": {
      "0": {
        "start": {"line": 3, "column": 16},
        "end": {"line": 3, "column": 36}
      },
      "1": {
        "start": {"line": 5, "column": 10},
        "end": {"line": 5, "column": 39}
      },
      "2": {
        "start": {"line": 7, "column": 19},
        "end": {"line": 7, "column": 78}
      },
      "3": {
        "start": {"line": 8, "column": 9},
        "end": {"line": 10, "column": 2}
      },
      "4": {
        "start": {"line": 11, "column": 0},
        "end": {"line": 11, "column": 20}
      },
      "5": {
        "start": {"line": 14, "column": 0},
        "end": {"line": 18, "column": 1}
      },
      "6": {
        "start": {"line": 15, "column": 2},
        "end": {"line": 17, "column": 5}
      },
      "7": {
        "start": {"line": 16, "column": 4},
        "end": {"line": 16, "column": 22}
      }
    },
    "fnMap": {
      "0": {
        "name": "(anonymous_0)",
        "decl": {
          "start": {"line": 15, "column": 37},
          "end": {"line": 15, "column": 38}
        },
        "loc": {
          "start": {"line": 15, "column": 49},
          "end": {"line": 17, "column": 3}
        },
        "line": 15
      }
    },
    "branchMap": {
      "0": {
        "loc": {
          "start": {"line": 7, "column": 31},
          "end": {"line": 7, "column": 77}
        },
        "type": "cond-expr",
        "locations": [
          {
            "start": {"line": 7, "column": 65},
            "end": {"line": 7, "column": 72}
          },
          {"start": {"line": 7, "column": 75}, "end": {"line": 7, "column": 77}}
        ],
        "line": 7
      },
      "1": {
        "loc": {
          "start": {"line": 8, "column": 23},
          "end": {"line": 8, "column": 100}
        },
        "type": "binary-expr",
        "locations": [
          {
            "start": {"line": 8, "column": 23},
            "end": {"line": 8, "column": 47}
          },
          {
            "start": {"line": 8, "column": 51},
            "end": {"line": 8, "column": 100}
          }
        ],
        "line": 8
      },
      "2": {
        "loc": {
          "start": {"line": 14, "column": 0},
          "end": {"line": 18, "column": 1}
        },
        "type": "if",
        "locations": [
          {
            "start": {"line": 14, "column": 0},
            "end": {"line": 18, "column": 1}
          },
          {"start": {"line": 14, "column": 0}, "end": {"line": 18, "column": 1}}
        ],
        "line": 14
      }
    },
    "s": {"0": 1, "1": 1, "2": 1, "3": 1, "4": 1, "5": 1, "6": 1, "7": 1},
    "f": {"0": 1},
    "b": {"0": [1, 0], "1": [1, 1], "2": [1, 0]},
    "_coverageSchema": "43e27e138ebf9cfc5966b082cf9a028302ed4184",
    "hash": "3a62130a40ceef57073b423814124458b526121b",
    "contentHash": "ffc6d8b0f200c9bd64d9e9dbcf9e8bd0"
  },
  "/Users/evanalto/Desktop/fullstack/shoebae/server/db/models/index.js": {
    "path":
      "/Users/evanalto/Desktop/fullstack/shoebae/server/db/models/index.js",
    "statementMap": {
      "0": {
        "start": {"line": 3, "column": 11},
        "end": {"line": 3, "column": 28}
      },
      "1": {
        "start": {"line": 5, "column": 14},
        "end": {"line": 5, "column": 34}
      },
      "2": {
        "start": {"line": 21, "column": 0},
        "end": {"line": 24, "column": 2}
      }
    },
    "fnMap": {},
    "branchMap": {},
    "s": {"0": 1, "1": 1, "2": 1},
    "f": {},
    "b": {},
    "_coverageSchema": "43e27e138ebf9cfc5966b082cf9a028302ed4184",
    "hash": "d106d8cbd967b1156d370e273692f3cde5df4294",
    "contentHash": "19d19499c453051c63be7f4c55f0d32a"
  },
  "/Users/evanalto/Desktop/fullstack/shoebae/server/db/models/user.js": {
    "path":
      "/Users/evanalto/Desktop/fullstack/shoebae/server/db/models/user.js",
    "statementMap": {
      "0": {
        "start": {"line": 3, "column": 13},
        "end": {"line": 3, "column": 30}
      },
      "1": {
        "start": {"line": 5, "column": 16},
        "end": {"line": 5, "column": 36}
      },
      "2": {
        "start": {"line": 7, "column": 9},
        "end": {"line": 7, "column": 25}
      },
      "3": {
        "start": {"line": 9, "column": 11},
        "end": {"line": 42, "column": 2}
      },
      "4": {
        "start": {"line": 20, "column": 18},
        "end": {"line": 20, "column": 22}
      },
      "5": {
        "start": {"line": 22, "column": 6},
        "end": {"line": 24, "column": 8}
      },
      "6": {
        "start": {"line": 23, "column": 8},
        "end": {"line": 23, "column": 46}
      },
      "7": {
        "start": {"line": 32, "column": 19},
        "end": {"line": 32, "column": 23}
      },
      "8": {
        "start": {"line": 34, "column": 6},
        "end": {"line": 36, "column": 8}
      },
      "9": {
        "start": {"line": 35, "column": 8},
        "end": {"line": 35, "column": 43}
      },
      "10": {
        "start": {"line": 43, "column": 0},
        "end": {"line": 43, "column": 22}
      },
      "11": {
        "start": {"line": 48, "column": 0},
        "end": {"line": 50, "column": 2}
      },
      "12": {
        "start": {"line": 49, "column": 2},
        "end": {"line": 49, "column": 77}
      },
      "13": {
        "start": {"line": 56, "column": 0},
        "end": {"line": 58, "column": 2}
      },
      "14": {
        "start": {"line": 57, "column": 2},
        "end": {"line": 57, "column": 51}
      },
      "15": {
        "start": {"line": 60, "column": 0},
        "end": {"line": 62, "column": 2}
      },
      "16": {
        "start": {"line": 61, "column": 2},
        "end": {"line": 61, "column": 86}
      },
      "17": {
        "start": {"line": 68, "column": 25},
        "end": {"line": 73, "column": 1}
      },
      "18": {
        "start": {"line": 69, "column": 2},
        "end": {"line": 72, "column": 3}
      },
      "19": {
        "start": {"line": 70, "column": 4},
        "end": {"line": 70, "column": 36}
      },
      "20": {
        "start": {"line": 71, "column": 4},
        "end": {"line": 71, "column": 71}
      },
      "21": {
        "start": {"line": 75, "column": 0},
        "end": {"line": 75, "column": 38}
      },
      "22": {
        "start": {"line": 76, "column": 0},
        "end": {"line": 76, "column": 38}
      }
    },
    "fnMap": {
      "0": {
        "name": "get",
        "decl": {
          "start": {"line": 19, "column": 18},
          "end": {"line": 19, "column": 21}
        },
        "loc": {
          "start": {"line": 19, "column": 24},
          "end": {"line": 25, "column": 5}
        },
        "line": 19
      },
      "1": {
        "name": "(anonymous_1)",
        "decl": {
          "start": {"line": 22, "column": 13},
          "end": {"line": 22, "column": 14}
        },
        "loc": {
          "start": {"line": 22, "column": 25},
          "end": {"line": 24, "column": 7}
        },
        "line": 22
      },
      "2": {
        "name": "get",
        "decl": {
          "start": {"line": 31, "column": 18},
          "end": {"line": 31, "column": 21}
        },
        "loc": {
          "start": {"line": 31, "column": 24},
          "end": {"line": 37, "column": 5}
        },
        "line": 31
      },
      "3": {
        "name": "(anonymous_3)",
        "decl": {
          "start": {"line": 34, "column": 13},
          "end": {"line": 34, "column": 14}
        },
        "loc": {
          "start": {"line": 34, "column": 25},
          "end": {"line": 36, "column": 7}
        },
        "line": 34
      },
      "4": {
        "name": "(anonymous_4)",
        "decl": {
          "start": {"line": 48, "column": 33},
          "end": {"line": 48, "column": 34}
        },
        "loc": {
          "start": {"line": 48, "column": 57},
          "end": {"line": 50, "column": 1}
        },
        "line": 48
      },
      "5": {
        "name": "(anonymous_5)",
        "decl": {
          "start": {"line": 56, "column": 20},
          "end": {"line": 56, "column": 21}
        },
        "loc": {
          "start": {"line": 56, "column": 32},
          "end": {"line": 58, "column": 1}
        },
        "line": 56
      },
      "6": {
        "name": "(anonymous_6)",
        "decl": {
          "start": {"line": 60, "column": 23},
          "end": {"line": 60, "column": 24}
        },
        "loc": {
          "start": {"line": 60, "column": 50},
          "end": {"line": 62, "column": 1}
        },
        "line": 60
      },
      "7": {
        "name": "setSaltAndPassword",
        "decl": {
          "start": {"line": 68, "column": 34},
          "end": {"line": 68, "column": 52}
        },
        "loc": {
          "start": {"line": 68, "column": 59},
          "end": {"line": 73, "column": 1}
        },
        "line": 68
      }
    },
    "branchMap": {
      "0": {
        "loc": {
          "start": {"line": 69, "column": 2},
          "end": {"line": 72, "column": 3}
        },
        "type": "if",
        "locations": [
          {
            "start": {"line": 69, "column": 2},
            "end": {"line": 72, "column": 3}
          },
          {"start": {"line": 69, "column": 2}, "end": {"line": 72, "column": 3}}
        ],
        "line": 69
      }
    },
    "s": {
      "0": 1,
      "1": 1,
      "2": 1,
      "3": 1,
      "4": 7,
      "5": 7,
      "6": 6,
      "7": 7,
      "8": 7,
      "9": 6,
      "10": 1,
      "11": 1,
      "12": 2,
      "13": 1,
      "14": 4,
      "15": 1,
      "16": 6,
      "17": 1,
      "18": 5,
      "19": 4,
      "20": 4,
      "21": 1,
      "22": 1
    },
    "f": {"0": 7, "1": 6, "2": 7, "3": 6, "4": 2, "5": 4, "6": 6, "7": 5},
    "b": {"0": [4, 1]},
    "_coverageSchema": "43e27e138ebf9cfc5966b082cf9a028302ed4184",
    "hash": "b41d3fce6fe7390a063fdf32a06075bac3a716da",
    "contentHash": "7ea266da207fba45bf30169b5b9f51fc"
  },
  "/Users/evanalto/Desktop/fullstack/shoebae/server/db/models/product.js": {
    "path":
      "/Users/evanalto/Desktop/fullstack/shoebae/server/db/models/product.js",
    "statementMap": {
      "0": {
        "start": {"line": 3, "column": 16},
        "end": {"line": 3, "column": 36}
      },
      "1": {
        "start": {"line": 5, "column": 9},
        "end": {"line": 5, "column": 25}
      },
      "2": {
        "start": {"line": 7, "column": 14},
        "end": {"line": 29, "column": 2}
      },
      "3": {
        "start": {"line": 30, "column": 0},
        "end": {"line": 30, "column": 25}
      }
    },
    "fnMap": {},
    "branchMap": {},
    "s": {"0": 1, "1": 1, "2": 1, "3": 1},
    "f": {},
    "b": {},
    "_coverageSchema": "43e27e138ebf9cfc5966b082cf9a028302ed4184",
    "hash": "68e5e157c5d0f1ee53dcd62938314709c4fd5fd5",
    "contentHash": "c9dd4c01889f4d92037386030367a2da"
  },
  "/Users/evanalto/Desktop/fullstack/shoebae/server/index.js": {
    "path": "/Users/evanalto/Desktop/fullstack/shoebae/server/index.js",
    "statementMap": {
      "0": {
        "start": {"line": 3, "column": 77},
        "end": {"line": 3, "column": 175}
      },
      "1": {
        "start": {"line": 3, "column": 94},
        "end": {"line": 3, "column": 107}
      },
      "2": {
        "start": {"line": 3, "column": 121},
        "end": {"line": 3, "column": 131}
      },
      "3": {
        "start": {"line": 3, "column": 151},
        "end": {"line": 3, "column": 165}
      },
      "4": {
        "start": {"line": 3, "column": 166},
        "end": {"line": 3, "column": 173}
      },
      "5": {
        "start": {"line": 3, "column": 176},
        "end": {"line": 3, "column": 263}
      },
      "6": {
        "start": {"line": 3, "column": 193},
        "end": {"line": 3, "column": 208}
      },
      "7": {
        "start": {"line": 3, "column": 218},
        "end": {"line": 3, "column": 261}
      },
      "8": {
        "start": {"line": 5, "column": 33},
        "end": {"line": 5, "column": 387}
      },
      "9": {
        "start": {"line": 5, "column": 65},
        "end": {"line": 5, "column": 69}
      },
      "10": {
        "start": {"line": 5, "column": 78},
        "end": {"line": 5, "column": 87}
      },
      "11": {
        "start": {"line": 5, "column": 89},
        "end": {"line": 5, "column": 384}
      },
      "12": {
        "start": {"line": 5, "column": 147},
        "end": {"line": 5, "column": 167}
      },
      "13": {
        "start": {"line": 5, "column": 193},
        "end": {"line": 5, "column": 264}
      },
      "14": {
        "start": {"line": 5, "column": 290},
        "end": {"line": 5, "column": 360}
      },
      "15": {
        "start": {"line": 5, "column": 363},
        "end": {"line": 5, "column": 380}
      },
      "16": {
        "start": {"line": 7, "column": 11},
        "end": {"line": 7, "column": 26}
      },
      "17": {
        "start": {"line": 9, "column": 14},
        "end": {"line": 9, "column": 32}
      },
      "18": {
        "start": {"line": 11, "column": 13},
        "end": {"line": 11, "column": 30}
      },
      "19": {
        "start": {"line": 13, "column": 18},
        "end": {"line": 13, "column": 40}
      },
      "20": {
        "start": {"line": 15, "column": 14},
        "end": {"line": 15, "column": 40}
      },
      "21": {
        "start": {"line": 17, "column": 15},
        "end": {"line": 17, "column": 34}
      },
      "22": {
        "start": {"line": 19, "column": 21},
        "end": {"line": 19, "column": 72}
      },
      "23": {
        "start": {"line": 21, "column": 9},
        "end": {"line": 21, "column": 24}
      },
      "24": {
        "start": {"line": 23, "column": 19},
        "end": {"line": 25, "column": 2}
      },
      "25": {
        "start": {"line": 26, "column": 11},
        "end": {"line": 26, "column": 35}
      },
      "26": {
        "start": {"line": 27, "column": 10},
        "end": {"line": 27, "column": 19}
      },
      "27": {
        "start": {"line": 29, "column": 15},
        "end": {"line": 29, "column": 35}
      },
      "28": {
        "start": {"line": 31, "column": 0},
        "end": {"line": 31, "column": 21}
      },
      "29": {
        "start": {"line": 34, "column": 0},
        "end": {"line": 38, "column": 1}
      },
      "30": {
        "start": {"line": 35, "column": 2},
        "end": {"line": 37, "column": 5}
      },
      "31": {
        "start": {"line": 36, "column": 4},
        "end": {"line": 36, "column": 47}
      },
      "32": {
        "start": {"line": 49, "column": 0},
        "end": {"line": 49, "column": 65}
      },
      "33": {
        "start": {"line": 49, "column": 43},
        "end": {"line": 49, "column": 65}
      },
      "34": {
        "start": {"line": 51, "column": 0},
        "end": {"line": 53, "column": 3}
      },
      "35": {
        "start": {"line": 52, "column": 2},
        "end": {"line": 52, "column": 29}
      },
      "36": {
        "start": {"line": 54, "column": 0},
        "end": {"line": 91, "column": 5}
      },
      "37": {
        "start": {"line": 57, "column": 13},
        "end": {"line": 86, "column": 5}
      },
      "38": {
        "start": {"line": 61, "column": 4},
        "end": {"line": 85, "column": 32}
      },
      "39": {
        "start": {"line": 62, "column": 6},
        "end": {"line": 84, "column": 7}
      },
      "40": {
        "start": {"line": 63, "column": 8},
        "end": {"line": 83, "column": 9}
      },
      "41": {
        "start": {"line": 65, "column": 12},
        "end": {"line": 65, "column": 30}
      },
      "42": {
        "start": {"line": 66, "column": 12},
        "end": {"line": 66, "column": 30}
      },
      "43": {
        "start": {"line": 67, "column": 12},
        "end": {"line": 67, "column": 47}
      },
      "44": {
        "start": {"line": 70, "column": 12},
        "end": {"line": 70, "column": 33}
      },
      "45": {
        "start": {"line": 71, "column": 12},
        "end": {"line": 71, "column": 29}
      },
      "46": {
        "start": {"line": 72, "column": 12},
        "end": {"line": 72, "column": 31}
      },
      "47": {
        "start": {"line": 73, "column": 12},
        "end": {"line": 73, "column": 18}
      },
      "48": {
        "start": {"line": 76, "column": 12},
        "end": {"line": 76, "column": 30}
      },
      "49": {
        "start": {"line": 77, "column": 12},
        "end": {"line": 77, "column": 47}
      },
      "50": {
        "start": {"line": 78, "column": 12},
        "end": {"line": 78, "column": 30}
      },
      "51": {
        "start": {"line": 82, "column": 12},
        "end": {"line": 82, "column": 35}
      },
      "52": {
        "start": {"line": 88, "column": 2},
        "end": {"line": 90, "column": 4}
      },
      "53": {
        "start": {"line": 89, "column": 4},
        "end": {"line": 89, "column": 39}
      },
      "54": {
        "start": {"line": 93, "column": 16},
        "end": {"line": 137, "column": 1}
      },
      "55": {
        "start": {"line": 95, "column": 2},
        "end": {"line": 95, "column": 25}
      },
      "56": {
        "start": {"line": 97, "column": 2},
        "end": {"line": 97, "column": 26}
      },
      "57": {
        "start": {"line": 98, "column": 2},
        "end": {"line": 100, "column": 6}
      },
      "58": {
        "start": {"line": 102, "column": 2},
        "end": {"line": 102, "column": 25}
      },
      "59": {
        "start": {"line": 104, "column": 2},
        "end": {"line": 109, "column": 6}
      },
      "60": {
        "start": {"line": 110, "column": 2},
        "end": {"line": 110, "column": 33}
      },
      "61": {
        "start": {"line": 111, "column": 2},
        "end": {"line": 111, "column": 30}
      },
      "62": {
        "start": {"line": 113, "column": 2},
        "end": {"line": 113, "column": 38}
      },
      "63": {
        "start": {"line": 114, "column": 2},
        "end": {"line": 114, "column": 36}
      },
      "64": {
        "start": {"line": 116, "column": 2},
        "end": {"line": 116, "column": 64}
      },
      "65": {
        "start": {"line": 118, "column": 2},
        "end": {"line": 126, "column": 5}
      },
      "66": {
        "start": {"line": 119, "column": 4},
        "end": {"line": 125, "column": 5}
      },
      "67": {
        "start": {"line": 120, "column": 16},
        "end": {"line": 120, "column": 38}
      },
      "68": {
        "start": {"line": 121, "column": 6},
        "end": {"line": 121, "column": 23}
      },
      "69": {
        "start": {"line": 122, "column": 6},
        "end": {"line": 122, "column": 16}
      },
      "70": {
        "start": {"line": 124, "column": 6},
        "end": {"line": 124, "column": 13}
      },
      "71": {
        "start": {"line": 128, "column": 2},
        "end": {"line": 130, "column": 5}
      },
      "72": {
        "start": {"line": 129, "column": 4},
        "end": {"line": 129, "column": 66}
      },
      "73": {
        "start": {"line": 132, "column": 2},
        "end": {"line": 136, "column": 5}
      },
      "74": {
        "start": {"line": 133, "column": 4},
        "end": {"line": 133, "column": 23}
      },
      "75": {
        "start": {"line": 134, "column": 4},
        "end": {"line": 134, "column": 29}
      },
      "76": {
        "start": {"line": 135, "column": 4},
        "end": {"line": 135, "column": 80}
      },
      "77": {
        "start": {"line": 139, "column": 21},
        "end": {"line": 148, "column": 1}
      },
      "78": {
        "start": {"line": 141, "column": 15},
        "end": {"line": 143, "column": 4}
      },
      "79": {
        "start": {"line": 142, "column": 4},
        "end": {"line": 142, "column": 61}
      },
      "80": {
        "start": {"line": 145, "column": 11},
        "end": {"line": 145, "column": 27}
      },
      "81": {
        "start": {"line": 147, "column": 2},
        "end": {"line": 147, "column": 26}
      },
      "82": {
        "start": {"line": 150, "column": 13},
        "end": {"line": 152, "column": 1}
      },
      "83": {
        "start": {"line": 151, "column": 2},
        "end": {"line": 151, "column": 19}
      },
      "84": {
        "start": {"line": 155, "column": 2},
        "end": {"line": 155, "column": 41}
      },
      "85": {
        "start": {"line": 163, "column": 2},
        "end": {"line": 191, "column": 6}
      },
      "86": {
        "start": {"line": 166, "column": 4},
        "end": {"line": 190, "column": 23}
      },
      "87": {
        "start": {"line": 167, "column": 6},
        "end": {"line": 189, "column": 7}
      },
      "88": {
        "start": {"line": 168, "column": 8},
        "end": {"line": 188, "column": 9}
      },
      "89": {
        "start": {"line": 170, "column": 12},
        "end": {"line": 170, "column": 31}
      },
      "90": {
        "start": {"line": 171, "column": 12},
        "end": {"line": 171, "column": 39}
      },
      "91": {
        "start": {"line": 174, "column": 12},
        "end": {"line": 174, "column": 31}
      },
      "92": {
        "start": {"line": 175, "column": 12},
        "end": {"line": 175, "column": 28}
      },
      "93": {
        "start": {"line": 178, "column": 12},
        "end": {"line": 178, "column": 31}
      },
      "94": {
        "start": {"line": 179, "column": 12},
        "end": {"line": 179, "column": 31}
      },
      "95": {
        "start": {"line": 182, "column": 12},
        "end": {"line": 182, "column": 31}
      },
      "96": {
        "start": {"line": 183, "column": 12},
        "end": {"line": 183, "column": 36}
      },
      "97": {
        "start": {"line": 187, "column": 12},
        "end": {"line": 187, "column": 36}
      },
      "98": {
        "start": {"line": 192, "column": 2},
        "end": {"line": 192, "column": 41}
      },
      "99": {
        "start": {"line": 195, "column": 0},
        "end": {"line": 199, "column": 1}
      },
      "100": {
        "start": {"line": 196, "column": 2},
        "end": {"line": 196, "column": 12}
      },
      "101": {
        "start": {"line": 198, "column": 2},
        "end": {"line": 198, "column": 14}
      }
    },
    "fnMap": {
      "0": {
        "name": "asyncGeneratorStep",
        "decl": {
          "start": {"line": 3, "column": 9},
          "end": {"line": 3, "column": 27}
        },
        "loc": {
          "start": {"line": 3, "column": 75},
          "end": {"line": 3, "column": 265}
        },
        "line": 3
      },
      "1": {
        "name": "_asyncToGenerator",
        "decl": {
          "start": {"line": 5, "column": 9},
          "end": {"line": 5, "column": 26}
        },
        "loc": {
          "start": {"line": 5, "column": 31},
          "end": {"line": 5, "column": 389}
        },
        "line": 5
      },
      "2": {
        "name": "(anonymous_2)",
        "decl": {
          "start": {"line": 5, "column": 40},
          "end": {"line": 5, "column": 41}
        },
        "loc": {
          "start": {"line": 5, "column": 52},
          "end": {"line": 5, "column": 386}
        },
        "line": 5
      },
      "3": {
        "name": "(anonymous_3)",
        "decl": {
          "start": {"line": 5, "column": 108},
          "end": {"line": 5, "column": 109}
        },
        "loc": {
          "start": {"line": 5, "column": 135},
          "end": {"line": 5, "column": 382}
        },
        "line": 5
      },
      "4": {
        "name": "_next",
        "decl": {
          "start": {"line": 5, "column": 178},
          "end": {"line": 5, "column": 183}
        },
        "loc": {
          "start": {"line": 5, "column": 191},
          "end": {"line": 5, "column": 266}
        },
        "line": 5
      },
      "5": {
        "name": "_throw",
        "decl": {
          "start": {"line": 5, "column": 276},
          "end": {"line": 5, "column": 282}
        },
        "loc": {
          "start": {"line": 5, "column": 288},
          "end": {"line": 5, "column": 362}
        },
        "line": 5
      },
      "6": {
        "name": "(anonymous_6)",
        "decl": {
          "start": {"line": 35, "column": 35},
          "end": {"line": 35, "column": 36}
        },
        "loc": {
          "start": {"line": 35, "column": 47},
          "end": {"line": 37, "column": 3}
        },
        "line": 35
      },
      "7": {
        "name": "(anonymous_7)",
        "decl": {
          "start": {"line": 51, "column": 23},
          "end": {"line": 51, "column": 24}
        },
        "loc": {
          "start": {"line": 51, "column": 45},
          "end": {"line": 53, "column": 1}
        },
        "line": 51
      },
      "8": {
        "name": "(anonymous_8)",
        "decl": {
          "start": {"line": 56, "column": 0},
          "end": {"line": 56, "column": 1}
        },
        "loc": {
          "start": {"line": 56, "column": 12},
          "end": {"line": 91, "column": 1}
        },
        "line": 56
      },
      "9": {
        "name": "_callee",
        "decl": {
          "start": {"line": 59, "column": 35},
          "end": {"line": 59, "column": 42}
        },
        "loc": {
          "start": {"line": 59, "column": 53},
          "end": {"line": 86, "column": 3}
        },
        "line": 59
      },
      "10": {
        "name": "_callee$",
        "decl": {
          "start": {"line": 61, "column": 44},
          "end": {"line": 61, "column": 52}
        },
        "loc": {
          "start": {"line": 61, "column": 63},
          "end": {"line": 85, "column": 5}
        },
        "line": 61
      },
      "11": {
        "name": "(anonymous_11)",
        "decl": {
          "start": {"line": 88, "column": 9},
          "end": {"line": 88, "column": 10}
        },
        "loc": {
          "start": {"line": 88, "column": 28},
          "end": {"line": 90, "column": 3}
        },
        "line": 88
      },
      "12": {
        "name": "createApp",
        "decl": {
          "start": {"line": 93, "column": 25},
          "end": {"line": 93, "column": 34}
        },
        "loc": {
          "start": {"line": 93, "column": 37},
          "end": {"line": 137, "column": 1}
        },
        "line": 93
      },
      "13": {
        "name": "(anonymous_13)",
        "decl": {
          "start": {"line": 118, "column": 10},
          "end": {"line": 118, "column": 11}
        },
        "loc": {
          "start": {"line": 118, "column": 36},
          "end": {"line": 126, "column": 3}
        },
        "line": 118
      },
      "14": {
        "name": "(anonymous_14)",
        "decl": {
          "start": {"line": 128, "column": 15},
          "end": {"line": 128, "column": 16}
        },
        "loc": {
          "start": {"line": 128, "column": 35},
          "end": {"line": 130, "column": 3}
        },
        "line": 128
      },
      "15": {
        "name": "(anonymous_15)",
        "decl": {
          "start": {"line": 132, "column": 10},
          "end": {"line": 132, "column": 11}
        },
        "loc": {
          "start": {"line": 132, "column": 41},
          "end": {"line": 136, "column": 3}
        },
        "line": 132
      },
      "16": {
        "name": "startListening",
        "decl": {
          "start": {"line": 139, "column": 30},
          "end": {"line": 139, "column": 44}
        },
        "loc": {
          "start": {"line": 139, "column": 47},
          "end": {"line": 148, "column": 1}
        },
        "line": 139
      },
      "17": {
        "name": "(anonymous_17)",
        "decl": {
          "start": {"line": 141, "column": 32},
          "end": {"line": 141, "column": 33}
        },
        "loc": {
          "start": {"line": 141, "column": 44},
          "end": {"line": 143, "column": 3}
        },
        "line": 141
      },
      "18": {
        "name": "syncDb",
        "decl": {
          "start": {"line": 150, "column": 22},
          "end": {"line": 150, "column": 28}
        },
        "loc": {
          "start": {"line": 150, "column": 31},
          "end": {"line": 152, "column": 1}
        },
        "line": 150
      },
      "19": {
        "name": "bootApp",
        "decl": {
          "start": {"line": 154, "column": 9},
          "end": {"line": 154, "column": 16}
        },
        "loc": {
          "start": {"line": 154, "column": 19},
          "end": {"line": 156, "column": 1}
        },
        "line": 154
      },
      "20": {
        "name": "_bootApp",
        "decl": {
          "start": {"line": 162, "column": 9},
          "end": {"line": 162, "column": 17}
        },
        "loc": {
          "start": {"line": 162, "column": 20},
          "end": {"line": 193, "column": 1}
        },
        "line": 162
      },
      "21": {
        "name": "_callee2",
        "decl": {
          "start": {"line": 165, "column": 35},
          "end": {"line": 165, "column": 43}
        },
        "loc": {
          "start": {"line": 165, "column": 46},
          "end": {"line": 191, "column": 3}
        },
        "line": 165
      },
      "22": {
        "name": "_callee2$",
        "decl": {
          "start": {"line": 166, "column": 44},
          "end": {"line": 166, "column": 53}
        },
        "loc": {
          "start": {"line": 166, "column": 65},
          "end": {"line": 190, "column": 5}
        },
        "line": 166
      }
    },
    "branchMap": {
      "0": {
        "loc": {
          "start": {"line": 3, "column": 176},
          "end": {"line": 3, "column": 263}
        },
        "type": "if",
        "locations": [
          {
            "start": {"line": 3, "column": 176},
            "end": {"line": 3, "column": 263}
          },
          {
            "start": {"line": 3, "column": 176},
            "end": {"line": 3, "column": 263}
          }
        ],
        "line": 3
      },
      "1": {
        "loc": {
          "start": {"line": 26, "column": 11},
          "end": {"line": 26, "column": 35}
        },
        "type": "binary-expr",
        "locations": [
          {
            "start": {"line": 26, "column": 11},
            "end": {"line": 26, "column": 27}
          },
          {
            "start": {"line": 26, "column": 31},
            "end": {"line": 26, "column": 35}
          }
        ],
        "line": 26
      },
      "2": {
        "loc": {
          "start": {"line": 34, "column": 0},
          "end": {"line": 38, "column": 1}
        },
        "type": "if",
        "locations": [
          {
            "start": {"line": 34, "column": 0},
            "end": {"line": 38, "column": 1}
          },
          {"start": {"line": 34, "column": 0}, "end": {"line": 38, "column": 1}}
        ],
        "line": 34
      },
      "3": {
        "loc": {
          "start": {"line": 49, "column": 0},
          "end": {"line": 49, "column": 65}
        },
        "type": "if",
        "locations": [
          {
            "start": {"line": 49, "column": 0},
            "end": {"line": 49, "column": 65}
          },
          {
            "start": {"line": 49, "column": 0},
            "end": {"line": 49, "column": 65}
          }
        ],
        "line": 49
      },
      "4": {
        "loc": {
          "start": {"line": 63, "column": 8},
          "end": {"line": 83, "column": 9}
        },
        "type": "switch",
        "locations": [
          {
            "start": {"line": 64, "column": 10},
            "end": {"line": 67, "column": 47}
          },
          {
            "start": {"line": 69, "column": 10},
            "end": {"line": 73, "column": 18}
          },
          {
            "start": {"line": 75, "column": 10},
            "end": {"line": 78, "column": 30}
          },
          {
            "start": {"line": 80, "column": 10},
            "end": {"line": 80, "column": 18}
          },
          {
            "start": {"line": 81, "column": 10},
            "end": {"line": 82, "column": 35}
          }
        ],
        "line": 63
      },
      "5": {
        "loc": {
          "start": {"line": 105, "column": 12},
          "end": {"line": 105, "column": 66}
        },
        "type": "binary-expr",
        "locations": [
          {
            "start": {"line": 105, "column": 12},
            "end": {"line": 105, "column": 38}
          },
          {
            "start": {"line": 105, "column": 42},
            "end": {"line": 105, "column": 66}
          }
        ],
        "line": 105
      },
      "6": {
        "loc": {
          "start": {"line": 119, "column": 4},
          "end": {"line": 125, "column": 5}
        },
        "type": "if",
        "locations": [
          {
            "start": {"line": 119, "column": 4},
            "end": {"line": 125, "column": 5}
          },
          {
            "start": {"line": 119, "column": 4},
            "end": {"line": 125, "column": 5}
          }
        ],
        "line": 119
      },
      "7": {
        "loc": {
          "start": {"line": 135, "column": 15},
          "end": {"line": 135, "column": 32}
        },
        "type": "binary-expr",
        "locations": [
          {
            "start": {"line": 135, "column": 15},
            "end": {"line": 135, "column": 25}
          },
          {
            "start": {"line": 135, "column": 29},
            "end": {"line": 135, "column": 32}
          }
        ],
        "line": 135
      },
      "8": {
        "loc": {
          "start": {"line": 135, "column": 39},
          "end": {"line": 135, "column": 78}
        },
        "type": "binary-expr",
        "locations": [
          {
            "start": {"line": 135, "column": 39},
            "end": {"line": 135, "column": 50}
          },
          {
            "start": {"line": 135, "column": 54},
            "end": {"line": 135, "column": 78}
          }
        ],
        "line": 135
      },
      "9": {
        "loc": {
          "start": {"line": 168, "column": 8},
          "end": {"line": 188, "column": 9}
        },
        "type": "switch",
        "locations": [
          {
            "start": {"line": 169, "column": 10},
            "end": {"line": 171, "column": 39}
          },
          {
            "start": {"line": 173, "column": 10},
            "end": {"line": 175, "column": 28}
          },
          {
            "start": {"line": 177, "column": 10},
            "end": {"line": 179, "column": 31}
          },
          {
            "start": {"line": 181, "column": 10},
            "end": {"line": 183, "column": 36}
          },
          {
            "start": {"line": 185, "column": 10},
            "end": {"line": 185, "column": 17}
          },
          {
            "start": {"line": 186, "column": 10},
            "end": {"line": 187, "column": 36}
          }
        ],
        "line": 168
      },
      "10": {
        "loc": {
          "start": {"line": 195, "column": 0},
          "end": {"line": 199, "column": 1}
        },
        "type": "if",
        "locations": [
          {
            "start": {"line": 195, "column": 0},
            "end": {"line": 199, "column": 1}
          },
          {
            "start": {"line": 195, "column": 0},
            "end": {"line": 199, "column": 1}
          }
        ],
        "line": 195
      }
    },
    "s": {
      "0": 0,
      "1": 0,
      "2": 0,
      "3": 0,
      "4": 0,
      "5": 0,
      "6": 0,
      "7": 0,
      "8": 1,
      "9": 0,
      "10": 0,
      "11": 0,
      "12": 0,
      "13": 0,
      "14": 0,
      "15": 0,
      "16": 1,
      "17": 1,
      "18": 1,
      "19": 1,
      "20": 1,
      "21": 1,
      "22": 1,
      "23": 1,
      "24": 1,
      "25": 1,
      "26": 1,
      "27": 1,
      "28": 1,
      "29": 1,
      "30": 1,
      "31": 1,
      "32": 1,
      "33": 1,
      "34": 1,
      "35": 0,
      "36": 1,
      "37": 1,
      "38": 0,
      "39": 0,
      "40": 0,
      "41": 0,
      "42": 0,
      "43": 0,
      "44": 0,
      "45": 0,
      "46": 0,
      "47": 0,
      "48": 0,
      "49": 0,
      "50": 0,
      "51": 0,
      "52": 1,
      "53": 0,
      "54": 1,
      "55": 1,
      "56": 1,
      "57": 1,
      "58": 1,
      "59": 1,
      "60": 1,
      "61": 1,
      "62": 1,
      "63": 1,
      "64": 1,
      "65": 1,
      "66": 0,
      "67": 0,
      "68": 0,
      "69": 0,
      "70": 0,
      "71": 1,
      "72": 0,
      "73": 1,
      "74": 0,
      "75": 0,
      "76": 0,
      "77": 1,
      "78": 0,
      "79": 0,
      "80": 0,
      "81": 0,
      "82": 1,
      "83": 0,
      "84": 0,
      "85": 0,
      "86": 0,
      "87": 0,
      "88": 0,
      "89": 0,
      "90": 0,
      "91": 0,
      "92": 0,
      "93": 0,
      "94": 0,
      "95": 0,
      "96": 0,
      "97": 0,
      "98": 0,
      "99": 1,
      "100": 0,
      "101": 1
    },
    "f": {
      "0": 0,
      "1": 1,
      "2": 0,
      "3": 0,
      "4": 0,
      "5": 0,
      "6": 1,
      "7": 0,
      "8": 1,
      "9": 0,
      "10": 0,
      "11": 0,
      "12": 1,
      "13": 0,
      "14": 0,
      "15": 0,
      "16": 0,
      "17": 0,
      "18": 0,
      "19": 0,
      "20": 0,
      "21": 0,
      "22": 0
    },
    "b": {
      "0": [0, 0],
      "1": [1, 1],
      "2": [1, 0],
      "3": [1, 0],
      "4": [0, 0, 0, 0, 0],
      "5": [1, 1],
      "6": [0, 0],
      "7": [0, 0],
      "8": [0, 0],
      "9": [0, 0, 0, 0, 0, 0],
      "10": [0, 1]
    },
    "_coverageSchema": "43e27e138ebf9cfc5966b082cf9a028302ed4184",
    "hash": "53ea3bd0f27c0e401cdc44c1e71cfe080e1841af",
    "contentHash": "d499373755239ea84345e858a1abee67"
  },
  "/Users/evanalto/Desktop/fullstack/shoebae/secrets.js": {
    "path": "/Users/evanalto/Desktop/fullstack/shoebae/secrets.js",
    "statementMap": {},
    "fnMap": {},
    "branchMap": {},
    "s": {},
    "f": {},
    "b": {},
    "_coverageSchema": "43e27e138ebf9cfc5966b082cf9a028302ed4184",
    "hash": "d105653671df5fa9b9d8d786ea8b9d9b711f04fc",
    "contentHash": "6ff2d80ff00e186bd6668d6da11b0da6"
  },
  "/Users/evanalto/Desktop/fullstack/shoebae/server/auth/index.js": {
    "path": "/Users/evanalto/Desktop/fullstack/shoebae/server/auth/index.js",
    "statementMap": {
      "0": {
        "start": {"line": 3, "column": 77},
        "end": {"line": 3, "column": 175}
      },
      "1": {
        "start": {"line": 3, "column": 94},
        "end": {"line": 3, "column": 107}
      },
      "2": {
        "start": {"line": 3, "column": 121},
        "end": {"line": 3, "column": 131}
      },
      "3": {
        "start": {"line": 3, "column": 151},
        "end": {"line": 3, "column": 165}
      },
      "4": {
        "start": {"line": 3, "column": 166},
        "end": {"line": 3, "column": 173}
      },
      "5": {
        "start": {"line": 3, "column": 176},
        "end": {"line": 3, "column": 263}
      },
      "6": {
        "start": {"line": 3, "column": 193},
        "end": {"line": 3, "column": 208}
      },
      "7": {
        "start": {"line": 3, "column": 218},
        "end": {"line": 3, "column": 261}
      },
      "8": {
        "start": {"line": 5, "column": 33},
        "end": {"line": 5, "column": 387}
      },
      "9": {
        "start": {"line": 5, "column": 65},
        "end": {"line": 5, "column": 69}
      },
      "10": {
        "start": {"line": 5, "column": 78},
        "end": {"line": 5, "column": 87}
      },
      "11": {
        "start": {"line": 5, "column": 89},
        "end": {"line": 5, "column": 384}
      },
      "12": {
        "start": {"line": 5, "column": 147},
        "end": {"line": 5, "column": 167}
      },
      "13": {
        "start": {"line": 5, "column": 193},
        "end": {"line": 5, "column": 264}
      },
      "14": {
        "start": {"line": 5, "column": 290},
        "end": {"line": 5, "column": 360}
      },
      "15": {
        "start": {"line": 5, "column": 363},
        "end": {"line": 5, "column": 380}
      },
      "16": {
        "start": {"line": 7, "column": 13},
        "end": {"line": 7, "column": 40}
      },
      "17": {
        "start": {"line": 9, "column": 11},
        "end": {"line": 9, "column": 39}
      },
      "18": {
        "start": {"line": 11, "column": 0},
        "end": {"line": 11, "column": 24}
      },
      "19": {
        "start": {"line": 12, "column": 0},
        "end": {"line": 65, "column": 5}
      },
      "20": {
        "start": {"line": 15, "column": 13},
        "end": {"line": 60, "column": 5}
      },
      "21": {
        "start": {"line": 19, "column": 4},
        "end": {"line": 59, "column": 32}
      },
      "22": {
        "start": {"line": 20, "column": 6},
        "end": {"line": 58, "column": 7}
      },
      "23": {
        "start": {"line": 21, "column": 8},
        "end": {"line": 57, "column": 9}
      },
      "24": {
        "start": {"line": 23, "column": 12},
        "end": {"line": 23, "column": 30}
      },
      "25": {
        "start": {"line": 24, "column": 12},
        "end": {"line": 24, "column": 30}
      },
      "26": {
        "start": {"line": 25, "column": 12},
        "end": {"line": 29, "column": 15}
      },
      "27": {
        "start": {"line": 32, "column": 12},
        "end": {"line": 32, "column": 33}
      },
      "28": {
        "start": {"line": 34, "column": 12},
        "end": {"line": 44, "column": 13}
      },
      "29": {
        "start": {"line": 35, "column": 14},
        "end": {"line": 35, "column": 65}
      },
      "30": {
        "start": {"line": 36, "column": 14},
        "end": {"line": 36, "column": 69}
      },
      "31": {
        "start": {"line": 37, "column": 19},
        "end": {"line": 44, "column": 13}
      },
      "32": {
        "start": {"line": 38, "column": 14},
        "end": {"line": 38, "column": 74}
      },
      "33": {
        "start": {"line": 39, "column": 14},
        "end": {"line": 39, "column": 69}
      },
      "34": {
        "start": {"line": 41, "column": 14},
        "end": {"line": 43, "column": 17}
      },
      "35": {
        "start": {"line": 42, "column": 16},
        "end": {"line": 42, "column": 56}
      },
      "36": {
        "start": {"line": 46, "column": 12},
        "end": {"line": 46, "column": 31}
      },
      "37": {
        "start": {"line": 47, "column": 12},
        "end": {"line": 47, "column": 18}
      },
      "38": {
        "start": {"line": 50, "column": 12},
        "end": {"line": 50, "column": 30}
      },
      "39": {
        "start": {"line": 51, "column": 12},
        "end": {"line": 51, "column": 47}
      },
      "40": {
        "start": {"line": 52, "column": 12},
        "end": {"line": 52, "column": 30}
      },
      "41": {
        "start": {"line": 56, "column": 12},
        "end": {"line": 56, "column": 35}
      },
      "42": {
        "start": {"line": 62, "column": 2},
        "end": {"line": 64, "column": 4}
      },
      "43": {
        "start": {"line": 63, "column": 4},
        "end": {"line": 63, "column": 39}
      },
      "44": {
        "start": {"line": 66, "column": 0},
        "end": {"line": 110, "column": 5}
      },
      "45": {
        "start": {"line": 69, "column": 14},
        "end": {"line": 105, "column": 5}
      },
      "46": {
        "start": {"line": 73, "column": 4},
        "end": {"line": 104, "column": 33}
      },
      "47": {
        "start": {"line": 74, "column": 6},
        "end": {"line": 103, "column": 7}
      },
      "48": {
        "start": {"line": 75, "column": 8},
        "end": {"line": 102, "column": 9}
      },
      "49": {
        "start": {"line": 77, "column": 12},
        "end": {"line": 77, "column": 31}
      },
      "50": {
        "start": {"line": 78, "column": 12},
        "end": {"line": 78, "column": 31}
      },
      "51": {
        "start": {"line": 79, "column": 12},
        "end": {"line": 79, "column": 41}
      },
      "52": {
        "start": {"line": 82, "column": 12},
        "end": {"line": 82, "column": 34}
      },
      "53": {
        "start": {"line": 83, "column": 12},
        "end": {"line": 85, "column": 15}
      },
      "54": {
        "start": {"line": 84, "column": 14},
        "end": {"line": 84, "column": 54}
      },
      "55": {
        "start": {"line": 86, "column": 12},
        "end": {"line": 86, "column": 32}
      },
      "56": {
        "start": {"line": 87, "column": 12},
        "end": {"line": 87, "column": 18}
      },
      "57": {
        "start": {"line": 90, "column": 12},
        "end": {"line": 90, "column": 31}
      },
      "58": {
        "start": {"line": 91, "column": 12},
        "end": {"line": 91, "column": 49}
      },
      "59": {
        "start": {"line": 93, "column": 12},
        "end": {"line": 97, "column": 13}
      },
      "60": {
        "start": {"line": 94, "column": 14},
        "end": {"line": 94, "column": 58}
      },
      "61": {
        "start": {"line": 96, "column": 14},
        "end": {"line": 96, "column": 33}
      },
      "62": {
        "start": {"line": 101, "column": 12},
        "end": {"line": 101, "column": 36}
      },
      "63": {
        "start": {"line": 107, "column": 2},
        "end": {"line": 109, "column": 4}
      },
      "64": {
        "start": {"line": 108, "column": 4},
        "end": {"line": 108, "column": 40}
      },
      "65": {
        "start": {"line": 111, "column": 0},
        "end": {"line": 115, "column": 3}
      },
      "66": {
        "start": {"line": 112, "column": 2},
        "end": {"line": 112, "column": 15}
      },
      "67": {
        "start": {"line": 113, "column": 2},
        "end": {"line": 113, "column": 24}
      },
      "68": {
        "start": {"line": 114, "column": 2},
        "end": {"line": 114, "column": 20}
      },
      "69": {
        "start": {"line": 116, "column": 0},
        "end": {"line": 118, "column": 3}
      },
      "70": {
        "start": {"line": 117, "column": 2},
        "end": {"line": 117, "column": 21}
      },
      "71": {
        "start": {"line": 119, "column": 0},
        "end": {"line": 119, "column": 43}
      }
    },
    "fnMap": {
      "0": {
        "name": "asyncGeneratorStep",
        "decl": {
          "start": {"line": 3, "column": 9},
          "end": {"line": 3, "column": 27}
        },
        "loc": {
          "start": {"line": 3, "column": 75},
          "end": {"line": 3, "column": 265}
        },
        "line": 3
      },
      "1": {
        "name": "_asyncToGenerator",
        "decl": {
          "start": {"line": 5, "column": 9},
          "end": {"line": 5, "column": 26}
        },
        "loc": {
          "start": {"line": 5, "column": 31},
          "end": {"line": 5, "column": 389}
        },
        "line": 5
      },
      "2": {
        "name": "(anonymous_2)",
        "decl": {
          "start": {"line": 5, "column": 40},
          "end": {"line": 5, "column": 41}
        },
        "loc": {
          "start": {"line": 5, "column": 52},
          "end": {"line": 5, "column": 386}
        },
        "line": 5
      },
      "3": {
        "name": "(anonymous_3)",
        "decl": {
          "start": {"line": 5, "column": 108},
          "end": {"line": 5, "column": 109}
        },
        "loc": {
          "start": {"line": 5, "column": 135},
          "end": {"line": 5, "column": 382}
        },
        "line": 5
      },
      "4": {
        "name": "_next",
        "decl": {
          "start": {"line": 5, "column": 178},
          "end": {"line": 5, "column": 183}
        },
        "loc": {
          "start": {"line": 5, "column": 191},
          "end": {"line": 5, "column": 266}
        },
        "line": 5
      },
      "5": {
        "name": "_throw",
        "decl": {
          "start": {"line": 5, "column": 276},
          "end": {"line": 5, "column": 282}
        },
        "loc": {
          "start": {"line": 5, "column": 288},
          "end": {"line": 5, "column": 362}
        },
        "line": 5
      },
      "6": {
        "name": "(anonymous_6)",
        "decl": {
          "start": {"line": 14, "column": 0},
          "end": {"line": 14, "column": 1}
        },
        "loc": {
          "start": {"line": 14, "column": 12},
          "end": {"line": 65, "column": 1}
        },
        "line": 14
      },
      "7": {
        "name": "_callee",
        "decl": {
          "start": {"line": 17, "column": 35},
          "end": {"line": 17, "column": 42}
        },
        "loc": {
          "start": {"line": 17, "column": 59},
          "end": {"line": 60, "column": 3}
        },
        "line": 17
      },
      "8": {
        "name": "_callee$",
        "decl": {
          "start": {"line": 19, "column": 44},
          "end": {"line": 19, "column": 52}
        },
        "loc": {
          "start": {"line": 19, "column": 63},
          "end": {"line": 59, "column": 5}
        },
        "line": 19
      },
      "9": {
        "name": "(anonymous_9)",
        "decl": {
          "start": {"line": 41, "column": 30},
          "end": {"line": 41, "column": 31}
        },
        "loc": {
          "start": {"line": 41, "column": 45},
          "end": {"line": 43, "column": 15}
        },
        "line": 41
      },
      "10": {
        "name": "(anonymous_10)",
        "decl": {
          "start": {"line": 62, "column": 9},
          "end": {"line": 62, "column": 10}
        },
        "loc": {
          "start": {"line": 62, "column": 33},
          "end": {"line": 64, "column": 3}
        },
        "line": 62
      },
      "11": {
        "name": "(anonymous_11)",
        "decl": {
          "start": {"line": 68, "column": 0},
          "end": {"line": 68, "column": 1}
        },
        "loc": {
          "start": {"line": 68, "column": 12},
          "end": {"line": 110, "column": 1}
        },
        "line": 68
      },
      "12": {
        "name": "_callee2",
        "decl": {
          "start": {"line": 71, "column": 35},
          "end": {"line": 71, "column": 43}
        },
        "loc": {
          "start": {"line": 71, "column": 60},
          "end": {"line": 105, "column": 3}
        },
        "line": 71
      },
      "13": {
        "name": "_callee2$",
        "decl": {
          "start": {"line": 73, "column": 44},
          "end": {"line": 73, "column": 53}
        },
        "loc": {
          "start": {"line": 73, "column": 65},
          "end": {"line": 104, "column": 5}
        },
        "line": 73
      },
      "14": {
        "name": "(anonymous_14)",
        "decl": {
          "start": {"line": 83, "column": 28},
          "end": {"line": 83, "column": 29}
        },
        "loc": {
          "start": {"line": 83, "column": 43},
          "end": {"line": 85, "column": 13}
        },
        "line": 83
      },
      "15": {
        "name": "(anonymous_15)",
        "decl": {
          "start": {"line": 107, "column": 9},
          "end": {"line": 107, "column": 10}
        },
        "loc": {
          "start": {"line": 107, "column": 34},
          "end": {"line": 109, "column": 3}
        },
        "line": 107
      },
      "16": {
        "name": "(anonymous_16)",
        "decl": {
          "start": {"line": 111, "column": 23},
          "end": {"line": 111, "column": 24}
        },
        "loc": {
          "start": {"line": 111, "column": 43},
          "end": {"line": 115, "column": 1}
        },
        "line": 111
      },
      "17": {
        "name": "(anonymous_17)",
        "decl": {
          "start": {"line": 116, "column": 18},
          "end": {"line": 116, "column": 19}
        },
        "loc": {
          "start": {"line": 116, "column": 38},
          "end": {"line": 118, "column": 1}
        },
        "line": 116
      }
    },
    "branchMap": {
      "0": {
        "loc": {
          "start": {"line": 3, "column": 176},
          "end": {"line": 3, "column": 263}
        },
        "type": "if",
        "locations": [
          {
            "start": {"line": 3, "column": 176},
            "end": {"line": 3, "column": 263}
          },
          {
            "start": {"line": 3, "column": 176},
            "end": {"line": 3, "column": 263}
          }
        ],
        "line": 3
      },
      "1": {
        "loc": {
          "start": {"line": 21, "column": 8},
          "end": {"line": 57, "column": 9}
        },
        "type": "switch",
        "locations": [
          {
            "start": {"line": 22, "column": 10},
            "end": {"line": 29, "column": 15}
          },
          {
            "start": {"line": 31, "column": 10},
            "end": {"line": 47, "column": 18}
          },
          {
            "start": {"line": 49, "column": 10},
            "end": {"line": 52, "column": 30}
          },
          {
            "start": {"line": 54, "column": 10},
            "end": {"line": 54, "column": 18}
          },
          {
            "start": {"line": 55, "column": 10},
            "end": {"line": 56, "column": 35}
          }
        ],
        "line": 21
      },
      "2": {
        "loc": {
          "start": {"line": 34, "column": 12},
          "end": {"line": 44, "column": 13}
        },
        "type": "if",
        "locations": [
          {
            "start": {"line": 34, "column": 12},
            "end": {"line": 44, "column": 13}
          },
          {
            "start": {"line": 34, "column": 12},
            "end": {"line": 44, "column": 13}
          }
        ],
        "line": 34
      },
      "3": {
        "loc": {
          "start": {"line": 37, "column": 19},
          "end": {"line": 44, "column": 13}
        },
        "type": "if",
        "locations": [
          {
            "start": {"line": 37, "column": 19},
            "end": {"line": 44, "column": 13}
          },
          {
            "start": {"line": 37, "column": 19},
            "end": {"line": 44, "column": 13}
          }
        ],
        "line": 37
      },
      "4": {
        "loc": {
          "start": {"line": 42, "column": 23},
          "end": {"line": 42, "column": 55}
        },
        "type": "cond-expr",
        "locations": [
          {
            "start": {"line": 42, "column": 29},
            "end": {"line": 42, "column": 38}
          },
          {
            "start": {"line": 42, "column": 41},
            "end": {"line": 42, "column": 55}
          }
        ],
        "line": 42
      },
      "5": {
        "loc": {
          "start": {"line": 75, "column": 8},
          "end": {"line": 102, "column": 9}
        },
        "type": "switch",
        "locations": [
          {
            "start": {"line": 76, "column": 10},
            "end": {"line": 79, "column": 41}
          },
          {
            "start": {"line": 81, "column": 10},
            "end": {"line": 87, "column": 18}
          },
          {
            "start": {"line": 89, "column": 10},
            "end": {"line": 97, "column": 13}
          },
          {
            "start": {"line": 99, "column": 10},
            "end": {"line": 99, "column": 18}
          },
          {
            "start": {"line": 100, "column": 10},
            "end": {"line": 101, "column": 36}
          }
        ],
        "line": 75
      },
      "6": {
        "loc": {
          "start": {"line": 84, "column": 21},
          "end": {"line": 84, "column": 53}
        },
        "type": "cond-expr",
        "locations": [
          {
            "start": {"line": 84, "column": 27},
            "end": {"line": 84, "column": 36}
          },
          {
            "start": {"line": 84, "column": 39},
            "end": {"line": 84, "column": 53}
          }
        ],
        "line": 84
      },
      "7": {
        "loc": {
          "start": {"line": 93, "column": 12},
          "end": {"line": 97, "column": 13}
        },
        "type": "if",
        "locations": [
          {
            "start": {"line": 93, "column": 12},
            "end": {"line": 97, "column": 13}
          },
          {
            "start": {"line": 93, "column": 12},
            "end": {"line": 97, "column": 13}
          }
        ],
        "line": 93
      }
    },
    "s": {
      "0": 0,
      "1": 0,
      "2": 0,
      "3": 0,
      "4": 0,
      "5": 0,
      "6": 0,
      "7": 0,
      "8": 2,
      "9": 0,
      "10": 0,
      "11": 0,
      "12": 0,
      "13": 0,
      "14": 0,
      "15": 0,
      "16": 1,
      "17": 1,
      "18": 1,
      "19": 1,
      "20": 1,
      "21": 0,
      "22": 0,
      "23": 0,
      "24": 0,
      "25": 0,
      "26": 0,
      "27": 0,
      "28": 0,
      "29": 0,
      "30": 0,
      "31": 0,
      "32": 0,
      "33": 0,
      "34": 0,
      "35": 0,
      "36": 0,
      "37": 0,
      "38": 0,
      "39": 0,
      "40": 0,
      "41": 0,
      "42": 1,
      "43": 0,
      "44": 1,
      "45": 1,
      "46": 0,
      "47": 0,
      "48": 0,
      "49": 0,
      "50": 0,
      "51": 0,
      "52": 0,
      "53": 0,
      "54": 0,
      "55": 0,
      "56": 0,
      "57": 0,
      "58": 0,
      "59": 0,
      "60": 0,
      "61": 0,
      "62": 0,
      "63": 1,
      "64": 0,
      "65": 1,
      "66": 0,
      "67": 0,
      "68": 0,
      "69": 1,
      "70": 0,
      "71": 1
    },
    "f": {
      "0": 0,
      "1": 2,
      "2": 0,
      "3": 0,
      "4": 0,
      "5": 0,
      "6": 1,
      "7": 0,
      "8": 0,
      "9": 0,
      "10": 0,
      "11": 1,
      "12": 0,
      "13": 0,
      "14": 0,
      "15": 0,
      "16": 0,
      "17": 0
    },
    "b": {
      "0": [0, 0],
      "1": [0, 0, 0, 0, 0],
      "2": [0, 0],
      "3": [0, 0],
      "4": [0, 0],
      "5": [0, 0, 0, 0, 0],
      "6": [0, 0],
      "7": [0, 0]
    },
    "_coverageSchema": "43e27e138ebf9cfc5966b082cf9a028302ed4184",
    "hash": "55f1ac9f0cc4bbe431696eae7a50e8a040b20b42",
    "contentHash": "1f42c687ab36b3ceb3eabc17822baeaa"
  },
  "/Users/evanalto/Desktop/fullstack/shoebae/server/auth/google.js": {
    "path": "/Users/evanalto/Desktop/fullstack/shoebae/server/auth/google.js",
    "statementMap": {
      "0": {
        "start": {"line": 3, "column": 34},
        "end": {"line": 3, "column": 117}
      },
      "1": {
        "start": {"line": 5, "column": 30},
        "end": {"line": 5, "column": 106}
      },
      "2": {
        "start": {"line": 7, "column": 52},
        "end": {"line": 7, "column": 54}
      },
      "3": {
        "start": {"line": 7, "column": 65},
        "end": {"line": 7, "column": 69}
      },
      "4": {
        "start": {"line": 7, "column": 80},
        "end": {"line": 7, "column": 85}
      },
      "5": {
        "start": {"line": 7, "column": 96},
        "end": {"line": 7, "column": 105}
      },
      "6": {
        "start": {"line": 7, "column": 107},
        "end": {"line": 7, "column": 394}
      },
      "7": {
        "start": {"line": 7, "column": 113},
        "end": {"line": 7, "column": 256}
      },
      "8": {
        "start": {"line": 7, "column": 199},
        "end": {"line": 7, "column": 219}
      },
      "9": {
        "start": {"line": 7, "column": 220},
        "end": {"line": 7, "column": 254}
      },
      "10": {
        "start": {"line": 7, "column": 248},
        "end": {"line": 7, "column": 254}
      },
      "11": {
        "start": {"line": 7, "column": 273},
        "end": {"line": 7, "column": 283}
      },
      "12": {
        "start": {"line": 7, "column": 284},
        "end": {"line": 7, "column": 293}
      },
      "13": {
        "start": {"line": 7, "column": 306},
        "end": {"line": 7, "column": 392}
      },
      "14": {
        "start": {"line": 7, "column": 312},
        "end": {"line": 7, "column": 360}
      },
      "15": {
        "start": {"line": 7, "column": 345},
        "end": {"line": 7, "column": 360}
      },
      "16": {
        "start": {"line": 7, "column": 373},
        "end": {"line": 7, "column": 390}
      },
      "17": {
        "start": {"line": 7, "column": 381},
        "end": {"line": 7, "column": 390}
      },
      "18": {
        "start": {"line": 7, "column": 395},
        "end": {"line": 7, "column": 407}
      },
      "19": {
        "start": {"line": 9, "column": 32},
        "end": {"line": 9, "column": 67}
      },
      "20": {
        "start": {"line": 9, "column": 56},
        "end": {"line": 9, "column": 67}
      },
      "21": {
        "start": {"line": 11, "column": 15},
        "end": {"line": 11, "column": 34}
      },
      "22": {
        "start": {"line": 13, "column": 13},
        "end": {"line": 13, "column": 40}
      },
      "23": {
        "start": {"line": 15, "column": 21},
        "end": {"line": 15, "column": 68}
      },
      "24": {
        "start": {"line": 17, "column": 15},
        "end": {"line": 17, "column": 38}
      },
      "25": {
        "start": {"line": 18, "column": 11},
        "end": {"line": 18, "column": 24}
      },
      "26": {
        "start": {"line": 20, "column": 0},
        "end": {"line": 20, "column": 24}
      },
      "27": {
        "start": {"line": 35, "column": 0},
        "end": {"line": 70, "column": 1}
      },
      "28": {
        "start": {"line": 36, "column": 2},
        "end": {"line": 36, "column": 77}
      },
      "29": {
        "start": {"line": 38, "column": 21},
        "end": {"line": 42, "column": 3}
      },
      "30": {
        "start": {"line": 43, "column": 17},
        "end": {"line": 61, "column": 4}
      },
      "31": {
        "start": {"line": 44, "column": 19},
        "end": {"line": 44, "column": 29}
      },
      "32": {
        "start": {"line": 45, "column": 15},
        "end": {"line": 45, "column": 34}
      },
      "33": {
        "start": {"line": 46, "column": 16},
        "end": {"line": 46, "column": 39}
      },
      "34": {
        "start": {"line": 47, "column": 4},
        "end": {"line": 60, "column": 19}
      },
      "35": {
        "start": {"line": 56, "column": 18},
        "end": {"line": 56, "column": 41}
      },
      "36": {
        "start": {"line": 57, "column": 17},
        "end": {"line": 57, "column": 25}
      },
      "37": {
        "start": {"line": 59, "column": 6},
        "end": {"line": 59, "column": 30}
      },
      "38": {
        "start": {"line": 62, "column": 2},
        "end": {"line": 62, "column": 25}
      },
      "39": {
        "start": {"line": 63, "column": 2},
        "end": {"line": 65, "column": 6}
      },
      "40": {
        "start": {"line": 66, "column": 2},
        "end": {"line": 69, "column": 6}
      }
    },
    "fnMap": {
      "0": {
        "name": "_slicedToArray",
        "decl": {
          "start": {"line": 3, "column": 9},
          "end": {"line": 3, "column": 23}
        },
        "loc": {
          "start": {"line": 3, "column": 32},
          "end": {"line": 3, "column": 119}
        },
        "line": 3
      },
      "1": {
        "name": "_nonIterableRest",
        "decl": {
          "start": {"line": 5, "column": 9},
          "end": {"line": 5, "column": 25}
        },
        "loc": {
          "start": {"line": 5, "column": 28},
          "end": {"line": 5, "column": 108}
        },
        "line": 5
      },
      "2": {
        "name": "_iterableToArrayLimit",
        "decl": {
          "start": {"line": 7, "column": 9},
          "end": {"line": 7, "column": 30}
        },
        "loc": {
          "start": {"line": 7, "column": 39},
          "end": {"line": 7, "column": 409}
        },
        "line": 7
      },
      "3": {
        "name": "_arrayWithHoles",
        "decl": {
          "start": {"line": 9, "column": 9},
          "end": {"line": 9, "column": 24}
        },
        "loc": {
          "start": {"line": 9, "column": 30},
          "end": {"line": 9, "column": 69}
        },
        "line": 9
      },
      "4": {
        "name": "(anonymous_4)",
        "decl": {
          "start": {"line": 43, "column": 50},
          "end": {"line": 43, "column": 51}
        },
        "loc": {
          "start": {"line": 43, "column": 96},
          "end": {"line": 61, "column": 3}
        },
        "line": 43
      },
      "5": {
        "name": "(anonymous_5)",
        "decl": {
          "start": {"line": 55, "column": 12},
          "end": {"line": 55, "column": 13}
        },
        "loc": {
          "start": {"line": 55, "column": 28},
          "end": {"line": 60, "column": 5}
        },
        "line": 55
      }
    },
    "branchMap": {
      "0": {
        "loc": {
          "start": {"line": 3, "column": 41},
          "end": {"line": 3, "column": 116}
        },
        "type": "binary-expr",
        "locations": [
          {
            "start": {"line": 3, "column": 41},
            "end": {"line": 3, "column": 61}
          },
          {
            "start": {"line": 3, "column": 65},
            "end": {"line": 3, "column": 94}
          },
          {
            "start": {"line": 3, "column": 98},
            "end": {"line": 3, "column": 116}
          }
        ],
        "line": 3
      },
      "1": {
        "loc": {
          "start": {"line": 7, "column": 220},
          "end": {"line": 7, "column": 254}
        },
        "type": "if",
        "locations": [
          {
            "start": {"line": 7, "column": 220},
            "end": {"line": 7, "column": 254}
          },
          {
            "start": {"line": 7, "column": 220},
            "end": {"line": 7, "column": 254}
          }
        ],
        "line": 7
      },
      "2": {
        "loc": {
          "start": {"line": 7, "column": 224},
          "end": {"line": 7, "column": 246}
        },
        "type": "binary-expr",
        "locations": [
          {
            "start": {"line": 7, "column": 224},
            "end": {"line": 7, "column": 225}
          },
          {
            "start": {"line": 7, "column": 229},
            "end": {"line": 7, "column": 246}
          }
        ],
        "line": 7
      },
      "3": {
        "loc": {
          "start": {"line": 7, "column": 312},
          "end": {"line": 7, "column": 360}
        },
        "type": "if",
        "locations": [
          {
            "start": {"line": 7, "column": 312},
            "end": {"line": 7, "column": 360}
          },
          {
            "start": {"line": 7, "column": 312},
            "end": {"line": 7, "column": 360}
          }
        ],
        "line": 7
      },
      "4": {
        "loc": {
          "start": {"line": 7, "column": 316},
          "end": {"line": 7, "column": 343}
        },
        "type": "binary-expr",
        "locations": [
          {
            "start": {"line": 7, "column": 316},
            "end": {"line": 7, "column": 319}
          },
          {
            "start": {"line": 7, "column": 323},
            "end": {"line": 7, "column": 343}
          }
        ],
        "line": 7
      },
      "5": {
        "loc": {
          "start": {"line": 7, "column": 373},
          "end": {"line": 7, "column": 390}
        },
        "type": "if",
        "locations": [
          {
            "start": {"line": 7, "column": 373},
            "end": {"line": 7, "column": 390}
          },
          {
            "start": {"line": 7, "column": 373},
            "end": {"line": 7, "column": 390}
          }
        ],
        "line": 7
      },
      "6": {
        "loc": {
          "start": {"line": 9, "column": 32},
          "end": {"line": 9, "column": 67}
        },
        "type": "if",
        "locations": [
          {
            "start": {"line": 9, "column": 32},
            "end": {"line": 9, "column": 67}
          },
          {"start": {"line": 9, "column": 32}, "end": {"line": 9, "column": 67}}
        ],
        "line": 9
      },
      "7": {
        "loc": {
          "start": {"line": 35, "column": 0},
          "end": {"line": 70, "column": 1}
        },
        "type": "if",
        "locations": [
          {
            "start": {"line": 35, "column": 0},
            "end": {"line": 70, "column": 1}
          },
          {"start": {"line": 35, "column": 0}, "end": {"line": 70, "column": 1}}
        ],
        "line": 35
      },
      "8": {
        "loc": {
          "start": {"line": 35, "column": 4},
          "end": {"line": 35, "column": 70}
        },
        "type": "binary-expr",
        "locations": [
          {
            "start": {"line": 35, "column": 4},
            "end": {"line": 35, "column": 33}
          },
          {
            "start": {"line": 35, "column": 37},
            "end": {"line": 35, "column": 70}
          }
        ],
        "line": 35
      }
    },
    "s": {
      "0": 0,
      "1": 0,
      "2": 0,
      "3": 0,
      "4": 0,
      "5": 0,
      "6": 0,
      "7": 0,
      "8": 0,
      "9": 0,
[...]
      "17": 0,
      "18": 0,
      "19": 1,
      "20": 1,
      "21": 1,
      "22": 2,
      "23": 1,
      "24": 0
    },
    "b": {
      "0": [1, 1],
      "1": [2, 2],
      "2": [2, 2],
      "3": [1, 1, 0, 1, 1],
      "4": [1, 0],
      "5": [0, 0, 0, 0, 0, 0],
      "6": [1, 1, 0, 1, 1],
      "7": [0, 0],
      "8": [0, 0],
      "9": [0, 0],
      "10": [0, 0, 0]
    },
    "_coverageSchema": "43e27e138ebf9cfc5966b082cf9a028302ed4184",
    "hash": "70d65e289339a3c1a1df4216974f63720391ba57",
    "contentHash": "268a37acc4b391b88cff090f4a62eff7"
  },
  "/Users/evanalto/Desktop/fullstack/shoebae/client/history.js": {
    "path": "/Users/evanalto/Desktop/fullstack/shoebae/client/history.js",
    "statementMap": {
      "0": {"start": {"line": 3, "column": 0}, "end": {"line": 5, "column": 3}},
      "1": {
        "start": {"line": 6, "column": 0},
        "end": {"line": 6, "column": 25}
      },
      "2": {
        "start": {"line": 8, "column": 28},
        "end": {"line": 8, "column": 91}
      },
      "3": {
        "start": {"line": 10, "column": 27},
        "end": {"line": 10, "column": 89}
      },
      "4": {
        "start": {"line": 12, "column": 39},
        "end": {"line": 12, "column": 93}
      },
      "5": {
        "start": {"line": 14, "column": 14},
        "end": {"line": 14, "column": 122}
      },
      "6": {
        "start": {"line": 15, "column": 15},
        "end": {"line": 15, "column": 22}
      },
      "7": {
        "start": {"line": 16, "column": 0},
        "end": {"line": 16, "column": 27}
      }
    },
    "fnMap": {
      "0": {
        "name": "_interopRequireDefault",
        "decl": {
          "start": {"line": 12, "column": 9},
          "end": {"line": 12, "column": 31}
        },
        "loc": {
          "start": {"line": 12, "column": 37},
          "end": {"line": 12, "column": 95}
        },
        "line": 12
      }
    },
    "branchMap": {
      "0": {
        "loc": {
          "start": {"line": 12, "column": 46},
          "end": {"line": 12, "column": 92}
        },
        "type": "cond-expr",
        "locations": [
          {
            "start": {"line": 12, "column": 70},
            "end": {"line": 12, "column": 73}
          },
          {
            "start": {"line": 12, "column": 76},
            "end": {"line": 12, "column": 92}
          }
        ],
        "line": 12
      },
      "1": {
        "loc": {
          "start": {"line": 12, "column": 46},
          "end": {"line": 12, "column": 67}
        },
        "type": "binary-expr",
        "locations": [
          {
            "start": {"line": 12, "column": 46},
            "end": {"line": 12, "column": 49}
          },
          {
            "start": {"line": 12, "column": 53},
            "end": {"line": 12, "column": 67}
          }
        ],
        "line": 12
      },
      "2": {
        "loc": {
          "start": {"line": 14, "column": 14},
          "end": {"line": 14, "column": 122}
        },
        "type": "cond-expr",
        "locations": [
          {
            "start": {"line": 14, "column": 48},
            "end": {"line": 14, "column": 83}
          },
          {
            "start": {"line": 14, "column": 86},
            "end": {"line": 14, "column": 122}
          }
        ],
        "line": 14
      }
    },
    "s": {"0": 1, "1": 1, "2": 1, "3": 1, "4": 2, "5": 1, "6": 1, "7": 1},
    "f": {"0": 2},
    "b": {"0": [2, 0], "1": [2, 2], "2": [1, 0]},
    "_coverageSchema": "43e27e138ebf9cfc5966b082cf9a028302ed4184",
    "hash": "76d756b5581aea19c33436c6d0e2fbd7900f4208",
    "contentHash": "aa80f2ce9c8a5b50e650926e990b8f36"
  },
  "/Users/evanalto/Desktop/fullstack/shoebae/script/seed.spec.js": {
    "path": "/Users/evanalto/Desktop/fullstack/shoebae/script/seed.spec.js",
    "statementMap": {
      "0": {
        "start": {"line": 4, "column": 11},
        "end": {"line": 4, "column": 28}
      },
      "1": {"start": {"line": 6, "column": 0}, "end": {"line": 8, "column": 3}},
      "2": {"start": {"line": 7, "column": 2}, "end": {"line": 7, "column": 37}}
    },
    "fnMap": {
      "0": {
        "name": "(anonymous_0)",
        "decl": {
          "start": {"line": 6, "column": 24},
          "end": {"line": 6, "column": 25}
        },
        "loc": {
          "start": {"line": 6, "column": 36},
          "end": {"line": 8, "column": 1}
        },
        "line": 6
      }
    },
    "branchMap": {},
    "s": {"0": 1, "1": 1, "2": 1},
    "f": {"0": 1},
    "b": {},
    "_coverageSchema": "43e27e138ebf9cfc5966b082cf9a028302ed4184",
    "hash": "c996a6f7bb8a6f6286f643f3000476491ed7826e",
    "contentHash": "f39cc22855a651885933c41c49a3d064"
  },
  "/Users/evanalto/Desktop/fullstack/shoebae/script/seed.js": {
    "path": "/Users/evanalto/Desktop/fullstack/shoebae/script/seed.js",
    "statementMap": {
      "0": {
        "start": {"line": 3, "column": 77},
        "end": {"line": 3, "column": 175}
      },
      "1": {
        "start": {"line": 3, "column": 94},
        "end": {"line": 3, "column": 107}
      },
      "2": {
        "start": {"line": 3, "column": 121},
        "end": {"line": 3, "column": 131}
      },
      "3": {
        "start": {"line": 3, "column": 151},
        "end": {"line": 3, "column": 165}
      },
      "4": {
        "start": {"line": 3, "column": 166},
        "end": {"line": 3, "column": 173}
      },
      "5": {
        "start": {"line": 3, "column": 176},
        "end": {"line": 3, "column": 263}
      },
      "6": {
        "start": {"line": 3, "column": 193},
        "end": {"line": 3, "column": 208}
      },
      "7": {
        "start": {"line": 3, "column": 218},
        "end": {"line": 3, "column": 261}
      },
      "8": {
        "start": {"line": 5, "column": 33},
        "end": {"line": 5, "column": 387}
      },
      "9": {
        "start": {"line": 5, "column": 65},
        "end": {"line": 5, "column": 69}
      },
      "10": {
        "start": {"line": 5, "column": 78},
        "end": {"line": 5, "column": 87}
      },
      "11": {
        "start": {"line": 5, "column": 89},
        "end": {"line": 5, "column": 384}
      },
      "12": {
        "start": {"line": 5, "column": 147},
        "end": {"line": 5, "column": 167}
      },
      "13": {
        "start": {"line": 5, "column": 193},
        "end": {"line": 5, "column": 264}
      },
      "14": {
        "start": {"line": 5, "column": 290},
        "end": {"line": 5, "column": 360}
      },
      "15": {
        "start": {"line": 5, "column": 363},
        "end": {"line": 5, "column": 380}
      },
      "16": {
        "start": {"line": 7, "column": 9},
        "end": {"line": 7, "column": 32}
      },
      "17": {
        "start": {"line": 9, "column": 15},
        "end": {"line": 9, "column": 45}
      },
      "18": {
        "start": {"line": 10, "column": 11},
        "end": {"line": 10, "column": 24}
      },
      "19": {
        "start": {"line": 13, "column": 2},
        "end": {"line": 13, "column": 38}
      },
      "20": {
        "start": {"line": 20, "column": 2},
        "end": {"line": 55, "column": 6}
      },
      "21": {
        "start": {"line": 24, "column": 4},
        "end": {"line": 54, "column": 22}
      },
      "22": {
        "start": {"line": 25, "column": 6},
        "end": {"line": 53, "column": 7}
      },
      "23": {
        "start": {"line": 26, "column": 8},
        "end": {"line": 52, "column": 9}
      },
      "24": {
        "start": {"line": 28, "column": 12},
        "end": {"line": 28, "column": 30}
      },
      "25": {
        "start": {"line": 29, "column": 12},
        "end": {"line": 31, "column": 15}
      },
      "26": {
        "start": {"line": 34, "column": 12},
        "end": {"line": 34, "column": 38}
      },
      "27": {
        "start": {"line": 35, "column": 12},
        "end": {"line": 35, "column": 30}
      },
      "28": {
        "start": {"line": 36, "column": 12},
        "end": {"line": 42, "column": 17}
      },
      "29": {
        "start": {"line": 45, "column": 12},
        "end": {"line": 45, "column": 34}
      },
      "30": {
        "start": {"line": 46, "column": 12},
        "end": {"line": 46, "column": 66}
      },
      "31": {
        "start": {"line": 47, "column": 12},
        "end": {"line": 47, "column": 47}
      },
      "32": {
        "start": {"line": 51, "column": 12},
        "end": {"line": 51, "column": 35}
      },
      "33": {
        "start": {"line": 56, "column": 2},
        "end": {"line": 56, "column": 38}
      },
      "34": {
        "start": {"line": 60, "column": 2},
        "end": {"line": 60, "column": 41}
      },
      "35": {
        "start": {"line": 67, "column": 2},
        "end": {"line": 105, "column": 6}
      },
      "36": {
        "start": {"line": 70, "column": 4},
        "end": {"line": 104, "column": 41}
      },
      "37": {
        "start": {"line": 71, "column": 6},
        "end": {"line": 103, "column": 7}
      },
      "38": {
        "start": {"line": 72, "column": 8},
        "end": {"line": 102, "column": 9}
      },
      "39": {
        "start": {"line": 74, "column": 12},
        "end": {"line": 74, "column": 38}
      },
      "40": {
        "start": {"line": 75, "column": 12},
        "end": {"line": 75, "column": 31}
      },
      "41": {
        "start": {"line": 76, "column": 12},
        "end": {"line": 76, "column": 31}
      },
      "42": {
        "start": {"line": 77, "column": 12},
        "end": {"line": 77, "column": 26}
      },
      "43": {
        "start": {"line": 80, "column": 12},
        "end": {"line": 80, "column": 32}
      },
      "44": {
        "start": {"line": 81, "column": 12},
        "end": {"line": 81, "column": 18}
      },
      "45": {
        "start": {"line": 84, "column": 12},
        "end": {"line": 84, "column": 31}
      },
      "46": {
        "start": {"line": 85, "column": 12},
        "end": {"line": 85, "column": 49}
      },
      "47": {
        "start": {"line": 86, "column": 12},
        "end": {"line": 86, "column": 40}
      },
      "48": {
        "start": {"line": 87, "column": 12},
        "end": {"line": 87, "column": 33}
      },
      "49": {
        "start": {"line": 90, "column": 12},
        "end": {"line": 90, "column": 32}
      },
      "50": {
        "start": {"line": 91, "column": 12},
        "end": {"line": 91, "column": 49}
      },
      "51": {
        "start": {"line": 92, "column": 12},
        "end": {"line": 92, "column": 32}
      },
      "52": {
        "start": {"line": 93, "column": 12},
        "end": {"line": 93, "column": 30}
      },
      "53": {
        "start": {"line": 96, "column": 12},
        "end": {"line": 96, "column": 48}
      },
      "54": {
        "start": {"line": 97, "column": 12},
        "end": {"line": 97, "column": 40}
      },
      "55": {
        "start": {"line": 101, "column": 12},
        "end": {"line": 101, "column": 36}
      },
      "56": {
        "start": {"line": 106, "column": 2},
        "end": {"line": 106, "column": 41}
      },
      "57": {
        "start": {"line": 109, "column": 0},
        "end": {"line": 111, "column": 1}
      },
      "58": {
        "start": {"line": 110, "column": 2},
        "end": {"line": 110, "column": 12}
      },
      "59": {
        "start": {"line": 114, "column": 0},
        "end": {"line": 114, "column": 22}
      }
    },
    "fnMap": {
      "0": {
        "name": "asyncGeneratorStep",
        "decl": {
          "start": {"line": 3, "column": 9},
          "end": {"line": 3, "column": 27}
        },
        "loc": {
          "start": {"line": 3, "column": 75},
          "end": {"line": 3, "column": 265}
        },
        "line": 3
      },
      "1": {
        "name": "_asyncToGenerator",
        "decl": {
          "start": {"line": 5, "column": 9},
          "end": {"line": 5, "column": 26}
        },
        "loc": {
          "start": {"line": 5, "column": 31},
          "end": {"line": 5, "column": 389}
        },
        "line": 5
      },
      "2": {
        "name": "(anonymous_2)",
        "decl": {
          "start": {"line": 5, "column": 40},
          "end": {"line": 5, "column": 41}
        },
        "loc": {
          "start": {"line": 5, "column": 52},
          "end": {"line": 5, "column": 386}
        },
        "line": 5
      },
      "3": {
        "name": "(anonymous_3)",
        "decl": {
          "start": {"line": 5, "column": 108},
          "end": {"line": 5, "column": 109}
        },
        "loc": {
          "start": {"line": 5, "column": 135},
          "end": {"line": 5, "column": 382}
        },
        "line": 5
      },
      "4": {
        "name": "_next",
        "decl": {
          "start": {"line": 5, "column": 178},
          "end": {"line": 5, "column": 183}
        },
        "loc": {
          "start": {"line": 5, "column": 191},
          "end": {"line": 5, "column": 266}
        },
        "line": 5
      },
      "5": {
        "name": "_throw",
        "decl": {
          "start": {"line": 5, "column": 276},
          "end": {"line": 5, "column": 282}
        },
        "loc": {
          "start": {"line": 5, "column": 288},
          "end": {"line": 5, "column": 362}
        },
        "line": 5
      },
      "6": {
        "name": "seed",
        "decl": {
          "start": {"line": 12, "column": 9},
          "end": {"line": 12, "column": 13}
        },
        "loc": {
          "start": {"line": 12, "column": 16},
          "end": {"line": 14, "column": 1}
        },
        "line": 12
      },
      "7": {
        "name": "_seed",
        "decl": {
          "start": {"line": 19, "column": 9},
          "end": {"line": 19, "column": 14}
        },
        "loc": {
          "start": {"line": 19, "column": 17},
          "end": {"line": 57, "column": 1}
        },
        "line": 19
      },
      "8": {
        "name": "_callee",
        "decl": {
          "start": {"line": 22, "column": 35},
          "end": {"line": 22, "column": 42}
        },
        "loc": {
          "start": {"line": 22, "column": 45},
          "end": {"line": 55, "column": 3}
        },
        "line": 22
      },
      "9": {
        "name": "_callee$",
        "decl": {
          "start": {"line": 24, "column": 44},
          "end": {"line": 24, "column": 52}
        },
        "loc": {
          "start": {"line": 24, "column": 63},
          "end": {"line": 54, "column": 5}
        },
        "line": 24
      },
      "10": {
        "name": "runSeed",
        "decl": {
          "start": {"line": 59, "column": 9},
          "end": {"line": 59, "column": 16}
        },
        "loc": {
          "start": {"line": 59, "column": 19},
          "end": {"line": 61, "column": 1}
        },
        "line": 59
      },
      "11": {
        "name": "_runSeed",
        "decl": {
          "start": {"line": 66, "column": 9},
          "end": {"line": 66, "column": 17}
        },
        "loc": {
          "start": {"line": 66, "column": 20},
          "end": {"line": 107, "column": 1}
        },
        "line": 66
      },
      "12": {
        "name": "_callee2",
        "decl": {
          "start": {"line": 69, "column": 35},
          "end": {"line": 69, "column": 43}
        },
        "loc": {
          "start": {"line": 69, "column": 46},
          "end": {"line": 105, "column": 3}
        },
        "line": 69
      },
      "13": {
        "name": "_callee2$",
        "decl": {
          "start": {"line": 70, "column": 44},
          "end": {"line": 70, "column": 53}
        },
        "loc": {
          "start": {"line": 70, "column": 65},
          "end": {"line": 104, "column": 5}
        },
        "line": 70
      }
    },
    "branchMap": {
      "0": {
        "loc": {
          "start": {"line": 3, "column": 176},
          "end": {"line": 3, "column": 263}
        },
        "type": "if",
        "locations": [
          {
            "start": {"line": 3, "column": 176},
            "end": {"line": 3, "column": 263}
          },
          {
            "start": {"line": 3, "column": 176},
            "end": {"line": 3, "column": 263}
          }
        ],
        "line": 3
      },
      "1": {
        "loc": {
          "start": {"line": 26, "column": 8},
          "end": {"line": 52, "column": 9}
        },
        "type": "switch",
        "locations": [
          {
            "start": {"line": 27, "column": 10},
            "end": {"line": 31, "column": 15}
          },
          {
            "start": {"line": 33, "column": 10},
            "end": {"line": 42, "column": 17}
          },
          {
            "start": {"line": 44, "column": 10},
            "end": {"line": 47, "column": 47}
          },
          {
            "start": {"line": 49, "column": 10},
            "end": {"line": 49, "column": 17}
          },
          {
            "start": {"line": 50, "column": 10},
            "end": {"line": 51, "column": 35}
          }
        ],
        "line": 26
      },
      "2": {
        "loc": {
          "start": {"line": 72, "column": 8},
          "end": {"line": 102, "column": 9}
        },
        "type": "switch",
        "locations": [
          {
            "start": {"line": 73, "column": 10},
            "end": {"line": 77, "column": 26}
          },
          {
            "start": {"line": 79, "column": 10},
            "end": {"line": 81, "column": 18}
          },
          {
            "start": {"line": 83, "column": 10},
            "end": {"line": 87, "column": 33}
          },
          {
            "start": {"line": 89, "column": 10},
            "end": {"line": 93, "column": 30}
          },
          {
            "start": {"line": 95, "column": 10},
            "end": {"line": 97, "column": 40}
          },
          {
            "start": {"line": 99, "column": 10},
            "end": {"line": 99, "column": 18}
          },
          {
            "start": {"line": 100, "column": 10},
            "end": {"line": 101, "column": 36}
          }
        ],
        "line": 72
      },
      "3": {
        "loc": {
          "start": {"line": 109, "column": 0},
          "end": {"line": 111, "column": 1}
        },
        "type": "if",
        "locations": [
          {
            "start": {"line": 109, "column": 0},
            "end": {"line": 111, "column": 1}
          },
          {
            "start": {"line": 109, "column": 0},
            "end": {"line": 111, "column": 1}
          }
        ],
        "line": 109
      }
    },
    "s": {
      "0": 3,
      "1": 3,
      "2": 3,
      "3": 0,
      "4": 0,
      "5": 3,
      "6": 1,
      "7": 2,
      "8": 1,
      "9": 1,
      "10": 1,
      "11": 1,
      "12": 1,
      "13": 3,
      "14": 0,
      "15": 1,
      "16": 1,
      "17": 1,
      "18": 1,
      "19": 1,
      "20": 1,
      "21": 1,
      "22": 3,
      "23": 3,
      "24": 1,
      "25": 1,
      "26": 1,
      "27": 1,
      "28": 1,
      "29": 1,
      "30": 1,
      "31": 1,
      "32": 1,
      "33": 1,
      "34": 0,
      "35": 0,
      "36": 0,
      "37": 0,
      "38": 0,
      "39": 0,
      "40": 0,
      "41": 0,
      "42": 0,
      "43": 0,
      "44": 0,
      "45": 0,
      "46": 0,
      "47": 0,
      "48": 0,
      "49": 0,
      "50": 0,
      "51": 0,
      "52": 0,
      "53": 0,
      "54": 0,
      "55": 0,
      "56": 0,
      "57": 1,
      "58": 0,
      "59": 1
    },
    "f": {
      "0": 3,
      "1": 1,
      "2": 1,
      "3": 1,
      "4": 3,
      "5": 0,
      "6": 1,
      "7": 1,
      "8": 1,
      "9": 3,
      "10": 0,
      "11": 0,
      "12": 0,
      "13": 0
    },
    "b": {
      "0": [1, 2],
      "1": [1, 1, 1, 1, 1],
      "2": [0, 0, 0, 0, 0, 0, 0],
      "3": [0, 1]
    },
    "_coverageSchema": "43e27e138ebf9cfc5966b082cf9a028302ed4184",
    "hash": "9a6978784fffe82b35b0102c2c8bb9e08ceb8dca",
    "contentHash": "c47c49970cc1e96c62ff14bf6024d4a8"
  }
}
