{
  "/Users/Joan/senior-phase/shoebae/server/api/users.spec.js": {
    "path": "/Users/Joan/senior-phase/shoebae/server/api/users.spec.js",
    "statementMap": {
      "0": {
        "start": {"line": 3, "column": 77},
        "end": {"line": 3, "column": 175}
      },
      "1": {
        "start": {"line": 3, "column": 94},
        "end": {"line": 3, "column": 107}
      },
      "2": {
        "start": {"line": 3, "column": 121},
        "end": {"line": 3, "column": 131}
      },
      "3": {
        "start": {"line": 3, "column": 151},
        "end": {"line": 3, "column": 165}
      },
      "4": {
        "start": {"line": 3, "column": 166},
        "end": {"line": 3, "column": 173}
      },
      "5": {
        "start": {"line": 3, "column": 176},
        "end": {"line": 3, "column": 263}
      },
      "6": {
        "start": {"line": 3, "column": 193},
        "end": {"line": 3, "column": 208}
      },
      "7": {
        "start": {"line": 3, "column": 218},
        "end": {"line": 3, "column": 261}
      },
      "8": {
        "start": {"line": 5, "column": 33},
        "end": {"line": 5, "column": 387}
      },
      "9": {
        "start": {"line": 5, "column": 65},
        "end": {"line": 5, "column": 69}
      },
      "10": {
        "start": {"line": 5, "column": 78},
        "end": {"line": 5, "column": 87}
      },
      "11": {
        "start": {"line": 5, "column": 89},
        "end": {"line": 5, "column": 384}
      },
      "12": {
        "start": {"line": 5, "column": 147},
        "end": {"line": 5, "column": 167}
      },
      "13": {
        "start": {"line": 5, "column": 193},
        "end": {"line": 5, "column": 264}
      },
      "14": {
        "start": {"line": 5, "column": 290},
        "end": {"line": 5, "column": 360}
      },
      "15": {
        "start": {"line": 5, "column": 363},
        "end": {"line": 5, "column": 380}
      },
      "16": {
        "start": {"line": 8, "column": 15},
        "end": {"line": 8, "column": 30}
      },
      "17": {
        "start": {"line": 9, "column": 13},
        "end": {"line": 9, "column": 28}
      },
      "18": {
        "start": {"line": 11, "column": 14},
        "end": {"line": 11, "column": 34}
      },
      "19": {
        "start": {"line": 13, "column": 9},
        "end": {"line": 13, "column": 25}
      },
      "20": {
        "start": {"line": 15, "column": 10},
        "end": {"line": 15, "column": 29}
      },
      "21": {
        "start": {"line": 17, "column": 11},
        "end": {"line": 17, "column": 27}
      },
      "22": {
        "start": {"line": 18, "column": 0},
        "end": {"line": 57, "column": 3}
      },
      "23": {
        "start": {"line": 19, "column": 2},
        "end": {"line": 23, "column": 5}
      },
      "24": {
        "start": {"line": 20, "column": 4},
        "end": {"line": 22, "column": 7}
      },
      "25": {
        "start": {"line": 24, "column": 2},
        "end": {"line": 56, "column": 5}
      },
      "26": {
        "start": {"line": 25, "column": 21},
        "end": {"line": 25, "column": 41}
      },
      "27": {
        "start": {"line": 26, "column": 4},
        "end": {"line": 30, "column": 7}
      },
      "28": {
        "start": {"line": 27, "column": 6},
        "end": {"line": 29, "column": 9}
      },
      "29": {
        "start": {"line": 31, "column": 4},
        "end": {"line": 55, "column": 9}
      },
      "30": {
        "start": {"line": 37, "column": 6},
        "end": {"line": 54, "column": 24}
      },
      "31": {
        "start": {"line": 38, "column": 8},
        "end": {"line": 53, "column": 9}
      },
      "32": {
        "start": {"line": 39, "column": 10},
        "end": {"line": 52, "column": 11}
      },
      "33": {
        "start": {"line": 41, "column": 14},
        "end": {"line": 41, "column": 32}
      },
      "34": {
        "start": {"line": 42, "column": 14},
        "end": {"line": 42, "column": 64}
      },
      "35": {
        "start": {"line": 45, "column": 14},
        "end": {"line": 45, "column": 34}
      },
      "36": {
        "start": {"line": 46, "column": 14},
        "end": {"line": 46, "column": 49}
      },
      "37": {
        "start": {"line": 47, "column": 14},
        "end": {"line": 47, "column": 64}
      },
      "38": {
        "start": {"line": 51, "column": 14},
        "end": {"line": 51, "column": 37}
      }
    },
    "fnMap": {
      "0": {
        "name": "asyncGeneratorStep",
        "decl": {
          "start": {"line": 3, "column": 9},
          "end": {"line": 3, "column": 27}
        },
        "loc": {
          "start": {"line": 3, "column": 75},
          "end": {"line": 3, "column": 265}
        },
        "line": 3
      },
      "1": {
        "name": "_asyncToGenerator",
        "decl": {
          "start": {"line": 5, "column": 9},
          "end": {"line": 5, "column": 26}
        },
        "loc": {
          "start": {"line": 5, "column": 31},
          "end": {"line": 5, "column": 389}
        },
        "line": 5
      },
      "2": {
        "name": "(anonymous_2)",
        "decl": {
          "start": {"line": 5, "column": 40},
          "end": {"line": 5, "column": 41}
        },
        "loc": {
          "start": {"line": 5, "column": 52},
          "end": {"line": 5, "column": 386}
        },
        "line": 5
      },
      "3": {
        "name": "(anonymous_3)",
        "decl": {
          "start": {"line": 5, "column": 108},
          "end": {"line": 5, "column": 109}
        },
        "loc": {
          "start": {"line": 5, "column": 135},
          "end": {"line": 5, "column": 382}
        },
        "line": 5
      },
      "4": {
        "name": "_next",
        "decl": {
          "start": {"line": 5, "column": 178},
          "end": {"line": 5, "column": 183}
        },
        "loc": {
          "start": {"line": 5, "column": 191},
          "end": {"line": 5, "column": 266}
        },
        "line": 5
      },
      "5": {
        "name": "_throw",
        "decl": {
          "start": {"line": 5, "column": 276},
          "end": {"line": 5, "column": 282}
        },
        "loc": {
          "start": {"line": 5, "column": 288},
          "end": {"line": 5, "column": 362}
        },
        "line": 5
      },
      "6": {
        "name": "(anonymous_6)",
        "decl": {
          "start": {"line": 18, "column": 24},
          "end": {"line": 18, "column": 25}
        },
        "loc": {
          "start": {"line": 18, "column": 36},
          "end": {"line": 57, "column": 1}
        },
        "line": 18
      },
      "7": {
        "name": "(anonymous_7)",
        "decl": {
          "start": {"line": 19, "column": 13},
          "end": {"line": 19, "column": 14}
        },
        "loc": {
          "start": {"line": 19, "column": 25},
          "end": {"line": 23, "column": 3}
        },
        "line": 19
      },
      "8": {
        "name": "(anonymous_8)",
        "decl": {
          "start": {"line": 24, "column": 26},
          "end": {"line": 24, "column": 27}
        },
        "loc": {
          "start": {"line": 24, "column": 38},
          "end": {"line": 56, "column": 3}
        },
        "line": 24
      },
      "9": {
        "name": "(anonymous_9)",
        "decl": {
          "start": {"line": 26, "column": 15},
          "end": {"line": 26, "column": 16}
        },
        "loc": {
          "start": {"line": 26, "column": 27},
          "end": {"line": 30, "column": 5}
        },
        "line": 26
      },
      "10": {
        "name": "_callee",
        "decl": {
          "start": {"line": 35, "column": 37},
          "end": {"line": 35, "column": 44}
        },
        "loc": {
          "start": {"line": 35, "column": 47},
          "end": {"line": 55, "column": 5}
        },
        "line": 35
      },
      "11": {
        "name": "_callee$",
        "decl": {
          "start": {"line": 37, "column": 46},
          "end": {"line": 37, "column": 54}
        },
        "loc": {
          "start": {"line": 37, "column": 65},
          "end": {"line": 54, "column": 7}
        },
        "line": 37
      }
    },
    "branchMap": {
      "0": {
        "loc": {
          "start": {"line": 3, "column": 176},
          "end": {"line": 3, "column": 263}
        },
        "type": "if",
        "locations": [
          {
            "start": {"line": 3, "column": 176},
            "end": {"line": 3, "column": 263}
          },
          {
            "start": {"line": 3, "column": 176},
            "end": {"line": 3, "column": 263}
          }
        ],
        "line": 3
      },
      "1": {
        "loc": {
          "start": {"line": 39, "column": 10},
          "end": {"line": 52, "column": 11}
        },
        "type": "switch",
        "locations": [
          {
            "start": {"line": 40, "column": 12},
            "end": {"line": 42, "column": 64}
          },
          {
            "start": {"line": 44, "column": 12},
            "end": {"line": 47, "column": 64}
          },
          {
            "start": {"line": 49, "column": 12},
            "end": {"line": 49, "column": 19}
          },
          {
            "start": {"line": 50, "column": 12},
            "end": {"line": 51, "column": 37}
          }
        ],
        "line": 39
      }
    },
    "s": {
      "0": 2,
      "1": 2,
      "2": 2,
      "3": 0,
      "4": 0,
      "5": 2,
      "6": 1,
      "7": 1,
      "8": 1,
      "9": 1,
      "10": 1,
      "11": 1,
      "12": 1,
      "13": 2,
      "14": 0,
      "15": 1,
      "16": 1,
      "17": 1,
      "18": 1,
      "19": 1,
      "20": 1,
      "21": 1,
      "22": 1,
      "23": 1,
      "24": 1,
      "25": 1,
      "26": 1,
      "27": 1,
      "28": 1,
      "29": 1,
      "30": 1,
      "31": 2,
      "32": 2,
      "33": 1,
      "34": 1,
      "35": 1,
      "36": 1,
      "37": 1,
      "38": 1
    },
    "f": {
      "0": 2,
      "1": 1,
      "2": 1,
      "3": 1,
      "4": 2,
      "5": 0,
      "6": 1,
      "7": 1,
      "8": 1,
      "9": 1,
      "10": 1,
      "11": 2
    },
    "b": {"0": [1, 1], "1": [1, 1, 1, 1]},
    "_coverageSchema": "43e27e138ebf9cfc5966b082cf9a028302ed4184",
    "hash": "d3aa7273a36b6e947d7cf1e7de1daa21079c9859",
    "contentHash": "fe7e3d8c62d248904379b5246eddeeb6"
  },
  "/Users/Joan/senior-phase/shoebae/server/db/index.js": {
    "path": "/Users/Joan/senior-phase/shoebae/server/db/index.js",
    "statementMap": {
      "0": {
        "start": {"line": 3, "column": 9},
        "end": {"line": 3, "column": 24}
      },
      "1": {
        "start": {"line": 6, "column": 0},
        "end": {"line": 6, "column": 20}
      },
      "2": {"start": {"line": 8, "column": 0}, "end": {"line": 8, "column": 20}}
    },
    "fnMap": {},
    "branchMap": {},
    "s": {"0": 1, "1": 1, "2": 1},
    "f": {},
    "b": {},
    "_coverageSchema": "43e27e138ebf9cfc5966b082cf9a028302ed4184",
    "hash": "ac0de86872335c992af0e31ae776fcff4ecc2775",
    "contentHash": "ee0c8560e07375301ea86cf8d60d622e"
  },
  "/Users/Joan/senior-phase/shoebae/server/db/db.js": {
    "path": "/Users/Joan/senior-phase/shoebae/server/db/db.js",
    "statementMap": {
      "0": {
        "start": {"line": 3, "column": 16},
        "end": {"line": 3, "column": 36}
      },
      "1": {
        "start": {"line": 5, "column": 10},
        "end": {"line": 5, "column": 39}
      },
      "2": {
        "start": {"line": 7, "column": 19},
        "end": {"line": 7, "column": 78}
      },
      "3": {
        "start": {"line": 8, "column": 9},
        "end": {"line": 10, "column": 2}
      },
      "4": {
        "start": {"line": 11, "column": 0},
        "end": {"line": 11, "column": 20}
      },
      "5": {
        "start": {"line": 14, "column": 0},
        "end": {"line": 18, "column": 1}
      },
      "6": {
        "start": {"line": 15, "column": 2},
        "end": {"line": 17, "column": 5}
      },
      "7": {
        "start": {"line": 16, "column": 4},
        "end": {"line": 16, "column": 22}
      }
    },
    "fnMap": {
      "0": {
        "name": "(anonymous_0)",
        "decl": {
          "start": {"line": 15, "column": 37},
          "end": {"line": 15, "column": 38}
        },
        "loc": {
          "start": {"line": 15, "column": 49},
          "end": {"line": 17, "column": 3}
        },
        "line": 15
      }
    },
    "branchMap": {
      "0": {
        "loc": {
          "start": {"line": 7, "column": 31},
          "end": {"line": 7, "column": 77}
        },
        "type": "cond-expr",
        "locations": [
          {
            "start": {"line": 7, "column": 65},
            "end": {"line": 7, "column": 72}
          },
          {"start": {"line": 7, "column": 75}, "end": {"line": 7, "column": 77}}
        ],
        "line": 7
      },
      "1": {
        "loc": {
          "start": {"line": 8, "column": 23},
          "end": {"line": 8, "column": 100}
        },
        "type": "binary-expr",
        "locations": [
          {
            "start": {"line": 8, "column": 23},
            "end": {"line": 8, "column": 47}
          },
          {
            "start": {"line": 8, "column": 51},
            "end": {"line": 8, "column": 100}
          }
        ],
        "line": 8
      },
      "2": {
        "loc": {
          "start": {"line": 14, "column": 0},
          "end": {"line": 18, "column": 1}
        },
        "type": "if",
        "locations": [
          {
            "start": {"line": 14, "column": 0},
            "end": {"line": 18, "column": 1}
          },
          {"start": {"line": 14, "column": 0}, "end": {"line": 18, "column": 1}}
        ],
        "line": 14
      }
    },
    "s": {"0": 1, "1": 1, "2": 1, "3": 1, "4": 1, "5": 1, "6": 1, "7": 1},
    "f": {"0": 1},
    "b": {"0": [1, 0], "1": [1, 1], "2": [1, 0]},
    "_coverageSchema": "43e27e138ebf9cfc5966b082cf9a028302ed4184",
    "hash": "dedeaac082deb064b94981ed77660a37e9d27f0c",
    "contentHash": "41d80dcf16405aadf0ffb723cfa15a06"
  },
  "/Users/Joan/senior-phase/shoebae/server/db/models/index.js": {
    "path": "/Users/Joan/senior-phase/shoebae/server/db/models/index.js",
    "statementMap": {
      "0": {
        "start": {"line": 3, "column": 11},
        "end": {"line": 3, "column": 28}
      },
      "1": {
        "start": {"line": 5, "column": 14},
        "end": {"line": 5, "column": 34}
      },
      "2": {
        "start": {"line": 7, "column": 13},
        "end": {"line": 7, "column": 32}
      },
      "3": {
        "start": {"line": 9, "column": 11},
        "end": {"line": 9, "column": 28}
      },
      "4": {
        "start": {"line": 11, "column": 18},
        "end": {"line": 11, "column": 42}
      },
      "5": {
        "start": {"line": 13, "column": 11},
        "end": {"line": 13, "column": 28}
      },
      "6": {
        "start": {"line": 15, "column": 15},
        "end": {"line": 15, "column": 36}
      },
      "7": {
        "start": {"line": 17, "column": 12},
        "end": {"line": 17, "column": 30}
      },
      "8": {
        "start": {"line": 19, "column": 0},
        "end": {"line": 19, "column": 26}
      },
      "9": {
        "start": {"line": 20, "column": 0},
        "end": {"line": 20, "column": 24}
      },
      "10": {
        "start": {"line": 21, "column": 0},
        "end": {"line": 23, "column": 3}
      },
      "11": {
        "start": {"line": 24, "column": 0},
        "end": {"line": 26, "column": 3}
      },
      "12": {
        "start": {"line": 27, "column": 0},
        "end": {"line": 29, "column": 3}
      },
      "13": {
        "start": {"line": 30, "column": 0},
        "end": {"line": 32, "column": 3}
      },
      "14": {
        "start": {"line": 33, "column": 0},
        "end": {"line": 33, "column": 22}
      },
      "15": {
        "start": {"line": 34, "column": 0},
        "end": {"line": 34, "column": 20}
      },
      "16": {
        "start": {"line": 49, "column": 0},
        "end": {"line": 57, "column": 2}
      }
    },
    "fnMap": {},
    "branchMap": {},
    "s": {
      "0": 1,
      "1": 1,
      "2": 1,
      "3": 1,
      "4": 1,
      "5": 1,
      "6": 1,
      "7": 1,
      "8": 1,
      "9": 1,
      "10": 1,
      "11": 1,
      "12": 1,
      "13": 1,
      "14": 1,
      "15": 1,
      "16": 1
    },
    "f": {},
    "b": {},
    "_coverageSchema": "43e27e138ebf9cfc5966b082cf9a028302ed4184",
    "hash": "27d7fbc1692dc829382aa97b0c4e9c0bde3813c2",
    "contentHash": "5955c67c4aec810a99bb7d1ec1483e76"
  },
  "/Users/Joan/senior-phase/shoebae/server/db/models/user.js": {
    "path": "/Users/Joan/senior-phase/shoebae/server/db/models/user.js",
    "statementMap": {
      "0": {
        "start": {"line": 3, "column": 13},
        "end": {"line": 3, "column": 30}
      },
      "1": {
        "start": {"line": 5, "column": 16},
        "end": {"line": 5, "column": 36}
      },
      "2": {
        "start": {"line": 7, "column": 9},
        "end": {"line": 7, "column": 25}
      },
      "3": {
        "start": {"line": 9, "column": 11},
        "end": {"line": 46, "column": 2}
      },
      "4": {
        "start": {"line": 20, "column": 18},
        "end": {"line": 20, "column": 22}
      },
      "5": {
        "start": {"line": 22, "column": 6},
        "end": {"line": 24, "column": 8}
      },
      "6": {
        "start": {"line": 23, "column": 8},
        "end": {"line": 23, "column": 46}
      },
      "7": {
        "start": {"line": 36, "column": 19},
        "end": {"line": 36, "column": 23}
      },
      "8": {
        "start": {"line": 38, "column": 6},
        "end": {"line": 40, "column": 8}
      },
      "9": {
        "start": {"line": 39, "column": 8},
        "end": {"line": 39, "column": 43}
      },
      "10": {
        "start": {"line": 47, "column": 0},
        "end": {"line": 47, "column": 22}
      },
      "11": {
        "start": {"line": 52, "column": 0},
        "end": {"line": 54, "column": 2}
      },
      "12": {
        "start": {"line": 53, "column": 2},
        "end": {"line": 53, "column": 77}
      },
      "13": {
        "start": {"line": 60, "column": 0},
        "end": {"line": 62, "column": 2}
      },
      "14": {
        "start": {"line": 61, "column": 2},
        "end": {"line": 61, "column": 51}
      },
      "15": {
        "start": {"line": 64, "column": 0},
        "end": {"line": 66, "column": 2}
      },
      "16": {
        "start": {"line": 65, "column": 2},
        "end": {"line": 65, "column": 86}
      },
      "17": {
        "start": {"line": 72, "column": 25},
        "end": {"line": 77, "column": 1}
      },
      "18": {
        "start": {"line": 73, "column": 2},
        "end": {"line": 76, "column": 3}
      },
      "19": {
        "start": {"line": 74, "column": 4},
        "end": {"line": 74, "column": 36}
      },
      "20": {
        "start": {"line": 75, "column": 4},
        "end": {"line": 75, "column": 71}
      },
      "21": {
        "start": {"line": 79, "column": 0},
        "end": {"line": 79, "column": 38}
      },
      "22": {
        "start": {"line": 80, "column": 0},
        "end": {"line": 80, "column": 38}
      }
    },
    "fnMap": {
      "0": {
        "name": "get",
        "decl": {
          "start": {"line": 19, "column": 18},
          "end": {"line": 19, "column": 21}
        },
        "loc": {
          "start": {"line": 19, "column": 24},
          "end": {"line": 25, "column": 5}
        },
        "line": 19
      },
      "1": {
        "name": "(anonymous_1)",
        "decl": {
          "start": {"line": 22, "column": 13},
          "end": {"line": 22, "column": 14}
        },
        "loc": {
          "start": {"line": 22, "column": 25},
          "end": {"line": 24, "column": 7}
        },
        "line": 22
      },
      "2": {
        "name": "get",
        "decl": {
          "start": {"line": 35, "column": 18},
          "end": {"line": 35, "column": 21}
        },
        "loc": {
          "start": {"line": 35, "column": 24},
          "end": {"line": 41, "column": 5}
        },
        "line": 35
      },
      "3": {
        "name": "(anonymous_3)",
        "decl": {
          "start": {"line": 38, "column": 13},
          "end": {"line": 38, "column": 14}
        },
        "loc": {
          "start": {"line": 38, "column": 25},
          "end": {"line": 40, "column": 7}
        },
        "line": 38
      },
      "4": {
        "name": "(anonymous_4)",
        "decl": {
          "start": {"line": 52, "column": 33},
          "end": {"line": 52, "column": 34}
        },
        "loc": {
          "start": {"line": 52, "column": 57},
          "end": {"line": 54, "column": 1}
        },
        "line": 52
      },
      "5": {
        "name": "(anonymous_5)",
        "decl": {
          "start": {"line": 60, "column": 20},
          "end": {"line": 60, "column": 21}
        },
        "loc": {
          "start": {"line": 60, "column": 32},
          "end": {"line": 62, "column": 1}
        },
        "line": 60
      },
      "6": {
        "name": "(anonymous_6)",
        "decl": {
          "start": {"line": 64, "column": 23},
          "end": {"line": 64, "column": 24}
        },
        "loc": {
          "start": {"line": 64, "column": 50},
          "end": {"line": 66, "column": 1}
        },
        "line": 64
      },
      "7": {
        "name": "setSaltAndPassword",
        "decl": {
          "start": {"line": 72, "column": 34},
          "end": {"line": 72, "column": 52}
        },
        "loc": {
          "start": {"line": 72, "column": 59},
          "end": {"line": 77, "column": 1}
        },
        "line": 72
      }
    },
    "branchMap": {
      "0": {
        "loc": {
          "start": {"line": 73, "column": 2},
          "end": {"line": 76, "column": 3}
        },
        "type": "if",
        "locations": [
          {
            "start": {"line": 73, "column": 2},
            "end": {"line": 76, "column": 3}
          },
          {"start": {"line": 73, "column": 2}, "end": {"line": 76, "column": 3}}
        ],
        "line": 73
      }
    },
    "s": {
      "0": 1,
      "1": 1,
      "2": 1,
      "3": 1,
      "4": 8,
      "5": 8,
      "6": 7,
      "7": 8,
      "8": 8,
      "9": 7,
      "10": 1,
      "11": 1,
      "12": 2,
      "13": 1,
      "14": 5,
      "15": 1,
      "16": 7,
      "17": 1,
      "18": 6,
      "19": 5,
      "20": 5,
      "21": 1,
      "22": 1
    },
    "f": {"0": 8, "1": 7, "2": 8, "3": 7, "4": 2, "5": 5, "6": 7, "7": 6},
    "b": {"0": [5, 1]},
    "_coverageSchema": "43e27e138ebf9cfc5966b082cf9a028302ed4184",
    "hash": "d47c7b91ee2d8f63a9114ba8db6cb511aca41b9e",
    "contentHash": "1f877dfe39ccd07580fc22706f88e878"
  },
  "/Users/Joan/senior-phase/shoebae/server/db/models/product.js": {
    "path": "/Users/Joan/senior-phase/shoebae/server/db/models/product.js",
    "statementMap": {
      "0": {
        "start": {"line": 3, "column": 16},
        "end": {"line": 3, "column": 36}
      },
      "1": {
        "start": {"line": 5, "column": 9},
        "end": {"line": 5, "column": 25}
      },
      "2": {
        "start": {"line": 7, "column": 14},
        "end": {"line": 30, "column": 2}
      },
      "3": {
        "start": {"line": 31, "column": 0},
        "end": {"line": 31, "column": 83}
      },
      "4": {
        "start": {"line": 32, "column": 0},
        "end": {"line": 32, "column": 25}
      }
    },
    "fnMap": {},
    "branchMap": {},
    "s": {"0": 1, "1": 1, "2": 1, "3": 1, "4": 1},
    "f": {},
    "b": {},
    "_coverageSchema": "43e27e138ebf9cfc5966b082cf9a028302ed4184",
    "hash": "0ecc824ee48134f967423cd93fffa29359adf645",
    "contentHash": "3f1e981f203d734572149eda541e63da"
  },
  "/Users/Joan/senior-phase/shoebae/server/db/models/review.js": {
    "path": "/Users/Joan/senior-phase/shoebae/server/db/models/review.js",
    "statementMap": {
      "0": {
        "start": {"line": 3, "column": 16},
        "end": {"line": 3, "column": 36}
      },
      "1": {
        "start": {"line": 5, "column": 9},
        "end": {"line": 5, "column": 25}
      },
      "2": {
        "start": {"line": 7, "column": 13},
        "end": {"line": 19, "column": 2}
      },
      "3": {
        "start": {"line": 20, "column": 0},
        "end": {"line": 20, "column": 24}
      }
    },
    "fnMap": {},
    "branchMap": {},
    "s": {"0": 1, "1": 1, "2": 1, "3": 1},
    "f": {},
    "b": {},
    "_coverageSchema": "43e27e138ebf9cfc5966b082cf9a028302ed4184",
    "hash": "e6ee123980fbe9092f01840a80ec7f180377d970",
    "contentHash": "7416192355a34927dfe87d26f9abf37a"
  },
  "/Users/Joan/senior-phase/shoebae/server/db/models/size.js": {
    "path": "/Users/Joan/senior-phase/shoebae/server/db/models/size.js",
    "statementMap": {
      "0": {
        "start": {"line": 3, "column": 16},
        "end": {"line": 3, "column": 36}
      },
      "1": {
        "start": {"line": 5, "column": 9},
        "end": {"line": 5, "column": 25}
      },
      "2": {
        "start": {"line": 7, "column": 11},
        "end": {"line": 15, "column": 2}
      },
      "3": {
        "start": {"line": 16, "column": 0},
        "end": {"line": 16, "column": 22}
      }
    },
    "fnMap": {},
    "branchMap": {},
    "s": {"0": 1, "1": 1, "2": 1, "3": 1},
    "f": {},
    "b": {},
    "_coverageSchema": "43e27e138ebf9cfc5966b082cf9a028302ed4184",
    "hash": "d1e194a0457696696c94d927f77d3bddd13ec3d1",
    "contentHash": "75b8ee66b6d0496af45f5d0f887d3ba5"
  },
  "/Users/Joan/senior-phase/shoebae/server/db/models/productsize.js": {
    "path": "/Users/Joan/senior-phase/shoebae/server/db/models/productsize.js",
    "statementMap": {
      "0": {
        "start": {"line": 3, "column": 16},
        "end": {"line": 3, "column": 36}
      },
      "1": {
        "start": {"line": 5, "column": 9},
        "end": {"line": 5, "column": 25}
      },
      "2": {
        "start": {"line": 7, "column": 18},
        "end": {"line": 15, "column": 2}
      },
      "3": {
        "start": {"line": 16, "column": 0},
        "end": {"line": 16, "column": 29}
      }
    },
    "fnMap": {},
    "branchMap": {},
    "s": {"0": 1, "1": 1, "2": 1, "3": 1},
    "f": {},
    "b": {},
    "_coverageSchema": "43e27e138ebf9cfc5966b082cf9a028302ed4184",
    "hash": "3664f30119a4f664ed8c398e06c7ae947be49ce7",
    "contentHash": "f8442f5e689cc77dfcd8c625b57defda"
  },
  "/Users/Joan/senior-phase/shoebae/server/db/models/cart.js": {
    "path": "/Users/Joan/senior-phase/shoebae/server/db/models/cart.js",
    "statementMap": {
      "0": {
        "start": {"line": 3, "column": 16},
        "end": {"line": 3, "column": 36}
      },
      "1": {
        "start": {"line": 5, "column": 9},
        "end": {"line": 5, "column": 25}
      },
      "2": {
        "start": {"line": 7, "column": 11},
        "end": {"line": 15, "column": 2}
      },
      "3": {
        "start": {"line": 16, "column": 0},
        "end": {"line": 16, "column": 22}
      }
    },
    "fnMap": {},
    "branchMap": {},
    "s": {"0": 1, "1": 1, "2": 1, "3": 1},
    "f": {},
    "b": {},
    "_coverageSchema": "43e27e138ebf9cfc5966b082cf9a028302ed4184",
    "hash": "4d80ae12c2daa94e47a9ae54df994e0a6161b2c7",
    "contentHash": "a74ecd34e7d59ca9470c0b733514d998"
  },
  "/Users/Joan/senior-phase/shoebae/server/db/models/cartitem.js": {
    "path": "/Users/Joan/senior-phase/shoebae/server/db/models/cartitem.js",
    "statementMap": {
      "0": {
        "start": {"line": 3, "column": 16},
        "end": {"line": 3, "column": 36}
      },
      "1": {
        "start": {"line": 5, "column": 9},
        "end": {"line": 5, "column": 25}
      },
      "2": {
        "start": {"line": 7, "column": 15},
        "end": {"line": 15, "column": 2}
      },
      "3": {
        "start": {"line": 16, "column": 0},
        "end": {"line": 16, "column": 26}
      }
    },
    "fnMap": {},
    "branchMap": {},
    "s": {"0": 1, "1": 1, "2": 1, "3": 1},
    "f": {},
    "b": {},
    "_coverageSchema": "43e27e138ebf9cfc5966b082cf9a028302ed4184",
    "hash": "c107fbe21adc2191b97d1d357d85ffc4c500dfc1",
    "contentHash": "3c3655618bea245d987079cdfa83f7b6"
  },
  "/Users/Joan/senior-phase/shoebae/server/db/models/order.js": {
    "path": "/Users/Joan/senior-phase/shoebae/server/db/models/order.js",
    "statementMap": {
      "0": {
        "start": {"line": 3, "column": 16},
        "end": {"line": 3, "column": 36}
      },
      "1": {
        "start": {"line": 5, "column": 9},
        "end": {"line": 5, "column": 25}
      },
      "2": {
        "start": {"line": 7, "column": 12},
        "end": {"line": 15, "column": 2}
      },
      "3": {
        "start": {"line": 16, "column": 0},
        "end": {"line": 16, "column": 23}
      }
    },
    "fnMap": {},
    "branchMap": {},
    "s": {"0": 1, "1": 1, "2": 1, "3": 1},
    "f": {},
    "b": {},
    "_coverageSchema": "43e27e138ebf9cfc5966b082cf9a028302ed4184",
    "hash": "ccae65e376ab48a7c3402e4722fa40494c1fd200",
    "contentHash": "c85aa7d9f8cd52dd846b83f80e27ba09"
  },
  "/Users/Joan/senior-phase/shoebae/server/index.js": {
    "path": "/Users/Joan/senior-phase/shoebae/server/index.js",
    "statementMap": {
      "0": {
        "start": {"line": 3, "column": 77},
        "end": {"line": 3, "column": 175}
      },
      "1": {
        "start": {"line": 3, "column": 94},
        "end": {"line": 3, "column": 107}
      },
      "2": {
        "start": {"line": 3, "column": 121},
        "end": {"line": 3, "column": 131}
      },
      "3": {
        "start": {"line": 3, "column": 151},
        "end": {"line": 3, "column": 165}
      },
      "4": {
        "start": {"line": 3, "column": 166},
        "end": {"line": 3, "column": 173}
      },
      "5": {
        "start": {"line": 3, "column": 176},
        "end": {"line": 3, "column": 263}
      },
      "6": {
        "start": {"line": 3, "column": 193},
        "end": {"line": 3, "column": 208}
      },
      "7": {
        "start": {"line": 3, "column": 218},
        "end": {"line": 3, "column": 261}
      },
      "8": {
        "start": {"line": 5, "column": 33},
        "end": {"line": 5, "column": 387}
      },
      "9": {
        "start": {"line": 5, "column": 65},
        "end": {"line": 5, "column": 69}
      },
      "10": {
        "start": {"line": 5, "column": 78},
        "end": {"line": 5, "column": 87}
      },
      "11": {
        "start": {"line": 5, "column": 89},
        "end": {"line": 5, "column": 384}
      },
      "12": {
        "start": {"line": 5, "column": 147},
        "end": {"line": 5, "column": 167}
      },
      "13": {
        "start": {"line": 5, "column": 193},
        "end": {"line": 5, "column": 264}
      },
      "14": {
        "start": {"line": 5, "column": 290},
        "end": {"line": 5, "column": 360}
      },
      "15": {
        "start": {"line": 5, "column": 363},
        "end": {"line": 5, "column": 380}
      },
      "16": {
        "start": {"line": 7, "column": 11},
        "end": {"line": 7, "column": 26}
      },
      "17": {
        "start": {"line": 9, "column": 14},
        "end": {"line": 9, "column": 32}
      },
      "18": {
        "start": {"line": 11, "column": 13},
        "end": {"line": 11, "column": 30}
      },
      "19": {
        "start": {"line": 13, "column": 18},
        "end": {"line": 13, "column": 40}
      },
      "20": {
        "start": {"line": 15, "column": 14},
        "end": {"line": 15, "column": 40}
      },
      "21": {
        "start": {"line": 17, "column": 15},
        "end": {"line": 17, "column": 34}
      },
      "22": {
        "start": {"line": 19, "column": 21},
        "end": {"line": 19, "column": 72}
      },
      "23": {
        "start": {"line": 21, "column": 9},
        "end": {"line": 21, "column": 24}
      },
      "24": {
        "start": {"line": 23, "column": 19},
        "end": {"line": 25, "column": 2}
      },
      "25": {
        "start": {"line": 26, "column": 11},
        "end": {"line": 26, "column": 35}
      },
      "26": {
        "start": {"line": 27, "column": 10},
        "end": {"line": 27, "column": 19}
      },
      "27": {
        "start": {"line": 29, "column": 15},
        "end": {"line": 29, "column": 35}
      },
      "28": {
        "start": {"line": 31, "column": 0},
        "end": {"line": 31, "column": 21}
      },
      "29": {
        "start": {"line": 34, "column": 0},
        "end": {"line": 38, "column": 1}
      },
      "30": {
        "start": {"line": 35, "column": 2},
        "end": {"line": 37, "column": 5}
      },
      "31": {
        "start": {"line": 36, "column": 4},
        "end": {"line": 36, "column": 47}
      },
      "32": {
        "start": {"line": 49, "column": 0},
        "end": {"line": 49, "column": 65}
      },
      "33": {
        "start": {"line": 49, "column": 43},
        "end": {"line": 49, "column": 65}
      },
      "34": {
        "start": {"line": 51, "column": 0},
        "end": {"line": 53, "column": 3}
      },
      "35": {
        "start": {"line": 52, "column": 2},
        "end": {"line": 52, "column": 29}
      },
      "36": {
        "start": {"line": 54, "column": 0},
        "end": {"line": 91, "column": 5}
      },
      "37": {
        "start": {"line": 57, "column": 13},
        "end": {"line": 86, "column": 5}
      },
      "38": {
        "start": {"line": 61, "column": 4},
        "end": {"line": 85, "column": 32}
      },
      "39": {
        "start": {"line": 62, "column": 6},
        "end": {"line": 84, "column": 7}
      },
      "40": {
        "start": {"line": 63, "column": 8},
        "end": {"line": 83, "column": 9}
      },
      "41": {
        "start": {"line": 65, "column": 12},
        "end": {"line": 65, "column": 30}
      },
      "42": {
        "start": {"line": 66, "column": 12},
        "end": {"line": 66, "column": 30}
      },
      "43": {
        "start": {"line": 67, "column": 12},
        "end": {"line": 67, "column": 47}
      },
      "44": {
        "start": {"line": 70, "column": 12},
        "end": {"line": 70, "column": 33}
      },
      "45": {
        "start": {"line": 71, "column": 12},
        "end": {"line": 71, "column": 29}
      },
      "46": {
        "start": {"line": 72, "column": 12},
        "end": {"line": 72, "column": 31}
      },
      "47": {
        "start": {"line": 73, "column": 12},
        "end": {"line": 73, "column": 18}
      },
      "48": {
        "start": {"line": 76, "column": 12},
        "end": {"line": 76, "column": 30}
      },
      "49": {
        "start": {"line": 77, "column": 12},
        "end": {"line": 77, "column": 47}
      },
      "50": {
        "start": {"line": 78, "column": 12},
        "end": {"line": 78, "column": 30}
      },
      "51": {
        "start": {"line": 82, "column": 12},
        "end": {"line": 82, "column": 35}
      },
      "52": {
        "start": {"line": 88, "column": 2},
        "end": {"line": 90, "column": 4}
      },
      "53": {
        "start": {"line": 89, "column": 4},
        "end": {"line": 89, "column": 39}
      },
      "54": {
        "start": {"line": 93, "column": 16},
        "end": {"line": 137, "column": 1}
      },
      "55": {
        "start": {"line": 95, "column": 2},
        "end": {"line": 95, "column": 25}
      },
      "56": {
        "start": {"line": 97, "column": 2},
        "end": {"line": 97, "column": 26}
      },
      "57": {
        "start": {"line": 98, "column": 2},
        "end": {"line": 100, "column": 6}
      },
      "58": {
        "start": {"line": 102, "column": 2},
        "end": {"line": 102, "column": 25}
      },
      "59": {
        "start": {"line": 104, "column": 2},
        "end": {"line": 109, "column": 6}
      },
      "60": {
        "start": {"line": 110, "column": 2},
        "end": {"line": 110, "column": 33}
      },
      "61": {
        "start": {"line": 111, "column": 2},
        "end": {"line": 111, "column": 30}
      },
      "62": {
        "start": {"line": 113, "column": 2},
        "end": {"line": 113, "column": 38}
      },
      "63": {
        "start": {"line": 114, "column": 2},
        "end": {"line": 114, "column": 36}
      },
      "64": {
        "start": {"line": 116, "column": 2},
        "end": {"line": 116, "column": 64}
      },
      "65": {
        "start": {"line": 118, "column": 2},
        "end": {"line": 126, "column": 5}
      },
      "66": {
        "start": {"line": 119, "column": 4},
        "end": {"line": 125, "column": 5}
      },
      "67": {
        "start": {"line": 120, "column": 16},
        "end": {"line": 120, "column": 38}
      },
      "68": {
        "start": {"line": 121, "column": 6},
        "end": {"line": 121, "column": 23}
      },
      "69": {
        "start": {"line": 122, "column": 6},
        "end": {"line": 122, "column": 16}
      },
      "70": {
        "start": {"line": 124, "column": 6},
        "end": {"line": 124, "column": 13}
      },
      "71": {
        "start": {"line": 128, "column": 2},
        "end": {"line": 130, "column": 5}
      },
      "72": {
        "start": {"line": 129, "column": 4},
        "end": {"line": 129, "column": 66}
      },
      "73": {
        "start": {"line": 132, "column": 2},
        "end": {"line": 136, "column": 5}
      },
      "74": {
        "start": {"line": 133, "column": 4},
        "end": {"line": 133, "column": 23}
      },
      "75": {
        "start": {"line": 134, "column": 4},
        "end": {"line": 134, "column": 29}
      },
      "76": {
        "start": {"line": 135, "column": 4},
        "end": {"line": 135, "column": 80}
      },
      "77": {
        "start": {"line": 139, "column": 21},
        "end": {"line": 148, "column": 1}
      },
      "78": {
        "start": {"line": 141, "column": 15},
        "end": {"line": 143, "column": 4}
      },
      "79": {
        "start": {"line": 142, "column": 4},
        "end": {"line": 142, "column": 61}
      },
      "80": {
        "start": {"line": 145, "column": 11},
        "end": {"line": 145, "column": 27}
      },
      "81": {
        "start": {"line": 147, "column": 2},
        "end": {"line": 147, "column": 26}
      },
      "82": {
        "start": {"line": 150, "column": 13},
        "end": {"line": 152, "column": 1}
      },
      "83": {
        "start": {"line": 151, "column": 2},
        "end": {"line": 151, "column": 19}
      },
      "84": {
        "start": {"line": 155, "column": 2},
        "end": {"line": 155, "column": 41}
      },
      "85": {
        "start": {"line": 163, "column": 2},
        "end": {"line": 191, "column": 6}
      },
      "86": {
        "start": {"line": 166, "column": 4},
        "end": {"line": 190, "column": 23}
      },
      "87": {
        "start": {"line": 167, "column": 6},
        "end": {"line": 189, "column": 7}
      },
      "88": {
        "start": {"line": 168, "column": 8},
        "end": {"line": 188, "column": 9}
      },
      "89": {
        "start": {"line": 170, "column": 12},
        "end": {"line": 170, "column": 31}
      },
      "90": {
        "start": {"line": 171, "column": 12},
        "end": {"line": 171, "column": 39}
      },
      "91": {
        "start": {"line": 174, "column": 12},
        "end": {"line": 174, "column": 31}
      },
      "92": {
        "start": {"line": 175, "column": 12},
        "end": {"line": 175, "column": 28}
      },
      "93": {
        "start": {"line": 178, "column": 12},
        "end": {"line": 178, "column": 31}
      },
      "94": {
        "start": {"line": 179, "column": 12},
        "end": {"line": 179, "column": 31}
      },
      "95": {
        "start": {"line": 182, "column": 12},
        "end": {"line": 182, "column": 31}
      },
      "96": {
        "start": {"line": 183, "column": 12},
        "end": {"line": 183, "column": 36}
      },
      "97": {
        "start": {"line": 187, "column": 12},
        "end": {"line": 187, "column": 36}
      },
      "98": {
        "start": {"line": 192, "column": 2},
        "end": {"line": 192, "column": 41}
      },
      "99": {
        "start": {"line": 195, "column": 0},
        "end": {"line": 199, "column": 1}
      },
      "100": {
        "start": {"line": 196, "column": 2},
        "end": {"line": 196, "column": 12}
      },
      "101": {
        "start": {"line": 198, "column": 2},
        "end": {"line": 198, "column": 14}
      }
    },
    "fnMap": {
      "0": {
        "name": "asyncGeneratorStep",
        "decl": {
          "start": {"line": 3, "column": 9},
          "end": {"line": 3, "column": 27}
        },
        "loc": {
          "start": {"line": 3, "column": 75},
          "end": {"line": 3, "column": 265}
        },
        "line": 3
      },
      "1": {
        "name": "_asyncToGenerator",
        "decl": {
          "start": {"line": 5, "column": 9},
          "end": {"line": 5, "column": 26}
        },
        "loc": {
          "start": {"line": 5, "column": 31},
          "end": {"line": 5, "column": 389}
        },
        "line": 5
      },
      "2": {
        "name": "(anonymous_2)",
        "decl": {
          "start": {"line": 5, "column": 40},
          "end": {"line": 5, "column": 41}
        },
        "loc": {
          "start": {"line": 5, "column": 52},
          "end": {"line": 5, "column": 386}
        },
        "line": 5
      },
      "3": {
        "name": "(anonymous_3)",
        "decl": {
          "start": {"line": 5, "column": 108},
          "end": {"line": 5, "column": 109}
        },
        "loc": {
          "start": {"line": 5, "column": 135},
          "end": {"line": 5, "column": 382}
        },
        "line": 5
      },
      "4": {
        "name": "_next",
        "decl": {
          "start": {"line": 5, "column": 178},
          "end": {"line": 5, "column": 183}
        },
        "loc": {
          "start": {"line": 5, "column": 191},
          "end": {"line": 5, "column": 266}
        },
        "line": 5
      },
      "5": {
        "name": "_throw",
        "decl": {
          "start": {"line": 5, "column": 276},
          "end": {"line": 5, "column": 282}
        },
        "loc": {
          "start": {"line": 5, "column": 288},
          "end": {"line": 5, "column": 362}
        },
        "line": 5
      },
      "6": {
        "name": "(anonymous_6)",
        "decl": {
          "start": {"line": 35, "column": 35},
          "end": {"line": 35, "column": 36}
        },
        "loc": {
          "start": {"line": 35, "column": 47},
          "end": {"line": 37, "column": 3}
        },
        "line": 35
      },
      "7": {
        "name": "(anonymous_7)",
        "decl": {
          "start": {"line": 51, "column": 23},
          "end": {"line": 51, "column": 24}
        },
        "loc": {
          "start": {"line": 51, "column": 45},
          "end": {"line": 53, "column": 1}
        },
        "line": 51
      },
      "8": {
        "name": "(anonymous_8)",
        "decl": {
          "start": {"line": 56, "column": 0},
          "end": {"line": 56, "column": 1}
        },
        "loc": {
          "start": {"line": 56, "column": 12},
          "end": {"line": 91, "column": 1}
        },
        "line": 56
      },
      "9": {
        "name": "_callee",
        "decl": {
          "start": {"line": 59, "column": 35},
          "end": {"line": 59, "column": 42}
        },
        "loc": {
          "start": {"line": 59, "column": 53},
          "end": {"line": 86, "column": 3}
        },
        "line": 59
      },
      "10": {
        "name": "_callee$",
        "decl": {
          "start": {"line": 61, "column": 44},
          "end": {"line": 61, "column": 52}
        },
        "loc": {
          "start": {"line": 61, "column": 63},
          "end": {"line": 85, "column": 5}
        },
        "line": 61
      },
      "11": {
        "name": "(anonymous_11)",
        "decl": {
          "start": {"line": 88, "column": 9},
          "end": {"line": 88, "column": 10}
        },
        "loc": {
          "start": {"line": 88, "column": 28},
          "end": {"line": 90, "column": 3}
        },
        "line": 88
      },
      "12": {
        "name": "createApp",
        "decl": {
          "start": {"line": 93, "column": 25},
          "end": {"line": 93, "column": 34}
        },
        "loc": {
          "start": {"line": 93, "column": 37},
          "end": {"line": 137, "column": 1}
        },
        "line": 93
      },
      "13": {
        "name": "(anonymous_13)",
        "decl": {
          "start": {"line": 118, "column": 10},
          "end": {"line": 118, "column": 11}
        },
        "loc": {
          "start": {"line": 118, "column": 36},
          "end": {"line": 126, "column": 3}
        },
        "line": 118
      },
      "14": {
        "name": "(anonymous_14)",
        "decl": {
          "start": {"line": 128, "column": 15},
          "end": {"line": 128, "column": 16}
        },
        "loc": {
          "start": {"line": 128, "column": 35},
          "end": {"line": 130, "column": 3}
        },
        "line": 128
      },
      "15": {
        "name": "(anonymous_15)",
        "decl": {
          "start": {"line": 132, "column": 10},
          "end": {"line": 132, "column": 11}
        },
        "loc": {
          "start": {"line": 132, "column": 41},
          "end": {"line": 136, "column": 3}
        },
        "line": 132
      },
      "16": {
        "name": "startListening",
        "decl": {
          "start": {"line": 139, "column": 30},
          "end": {"line": 139, "column": 44}
        },
        "loc": {
          "start": {"line": 139, "column": 47},
          "end": {"line": 148, "column": 1}
        },
        "line": 139
      },
      "17": {
        "name": "(anonymous_17)",
        "decl": {
          "start": {"line": 141, "column": 32},
          "end": {"line": 141, "column": 33}
        },
        "loc": {
          "start": {"line": 141, "column": 44},
          "end": {"line": 143, "column": 3}
        },
        "line": 141
      },
      "18": {
        "name": "syncDb",
        "decl": {
          "start": {"line": 150, "column": 22},
          "end": {"line": 150, "column": 28}
        },
        "loc": {
          "start": {"line": 150, "column": 31},
          "end": {"line": 152, "column": 1}
        },
        "line": 150
      },
      "19": {
        "name": "bootApp",
        "decl": {
          "start": {"line": 154, "column": 9},
          "end": {"line": 154, "column": 16}
        },
        "loc": {
          "start": {"line": 154, "column": 19},
          "end": {"line": 156, "column": 1}
        },
        "line": 154
      },
      "20": {
        "name": "_bootApp",
        "decl": {
          "start": {"line": 162, "column": 9},
          "end": {"line": 162, "column": 17}
        },
        "loc": {
          "start": {"line": 162, "column": 20},
          "end": {"line": 193, "column": 1}
        },
        "line": 162
      },
      "21": {
        "name": "_callee2",
        "decl": {
          "start": {"line": 165, "column": 35},
          "end": {"line": 165, "column": 43}
        },
        "loc": {
          "start": {"line": 165, "column": 46},
          "end": {"line": 191, "column": 3}
        },
        "line": 165
      },
      "22": {
        "name": "_callee2$",
        "decl": {
          "start": {"line": 166, "column": 44},
          "end": {"line": 166, "column": 53}
        },
        "loc": {
          "start": {"line": 166, "column": 65},
          "end": {"line": 190, "column": 5}
        },
        "line": 166
      }
    },
    "branchMap": {
      "0": {
        "loc": {
          "start": {"line": 3, "column": 176},
          "end": {"line": 3, "column": 263}
        },
        "type": "if",
        "locations": [
          {
            "start": {"line": 3, "column": 176},
            "end": {"line": 3, "column": 263}
          },
          {
            "start": {"line": 3, "column": 176},
            "end": {"line": 3, "column": 263}
          }
        ],
        "line": 3
      },
      "1": {
        "loc": {
          "start": {"line": 26, "column": 11},
          "end": {"line": 26, "column": 35}
        },
        "type": "binary-expr",
        "locations": [
          {
            "start": {"line": 26, "column": 11},
            "end": {"line": 26, "column": 27}
          },
          {
            "start": {"line": 26, "column": 31},
            "end": {"line": 26, "column": 35}
          }
        ],
        "line": 26
      },
      "2": {
        "loc": {
          "start": {"line": 34, "column": 0},
          "end": {"line": 38, "column": 1}
        },
        "type": "if",
        "locations": [
          {
            "start": {"line": 34, "column": 0},
            "end": {"line": 38, "column": 1}
          },
          {"start": {"line": 34, "column": 0}, "end": {"line": 38, "column": 1}}
        ],
        "line": 34
      },
      "3": {
        "loc": {
          "start": {"line": 49, "column": 0},
          "end": {"line": 49, "column": 65}
        },
        "type": "if",
        "locations": [
          {
            "start": {"line": 49, "column": 0},
            "end": {"line": 49, "column": 65}
          },
          {
            "start": {"line": 49, "column": 0},
            "end": {"line": 49, "column": 65}
          }
        ],
        "line": 49
      },
      "4": {
        "loc": {
          "start": {"line": 63, "column": 8},
          "end": {"line": 83, "column": 9}
        },
        "type": "switch",
        "locations": [
          {
            "start": {"line": 64, "column": 10},
            "end": {"line": 67, "column": 47}
          },
          {
            "start": {"line": 69, "column": 10},
            "end": {"line": 73, "column": 18}
          },
          {
            "start": {"line": 75, "column": 10},
            "end": {"line": 78, "column": 30}
          },
          {
            "start": {"line": 80, "column": 10},
            "end": {"line": 80, "column": 18}
          },
          {
            "start": {"line": 81, "column": 10},
            "end": {"line": 82, "column": 35}
          }
        ],
        "line": 63
      },
      "5": {
        "loc": {
          "start": {"line": 105, "column": 12},
          "end": {"line": 105, "column": 66}
        },
        "type": "binary-expr",
        "locations": [
          {
            "start": {"line": 105, "column": 12},
            "end": {"line": 105, "column": 38}
          },
          {
            "start": {"line": 105, "column": 42},
            "end": {"line": 105, "column": 66}
          }
        ],
        "line": 105
      },
      "6": {
        "loc": {
          "start": {"line": 119, "column": 4},
          "end": {"line": 125, "column": 5}
        },
        "type": "if",
        "locations": [
          {
            "start": {"line": 119, "column": 4},
            "end": {"line": 125, "column": 5}
          },
          {
            "start": {"line": 119, "column": 4},
            "end": {"line": 125, "column": 5}
          }
        ],
        "line": 119
      },
      "7": {
        "loc": {
          "start": {"line": 135, "column": 15},
          "end": {"line": 135, "column": 32}
        },
        "type": "binary-expr",
        "locations": [
          {
            "start": {"line": 135, "column": 15},
            "end": {"line": 135, "column": 25}
          },
          {
            "start": {"line": 135, "column": 29},
            "end": {"line": 135, "column": 32}
          }
        ],
        "line": 135
      },
      "8": {
        "loc": {
          "start": {"line": 135, "column": 39},
          "end": {"line": 135, "column": 78}
        },
        "type": "binary-expr",
        "locations": [
          {
            "start": {"line": 135, "column": 39},
            "end": {"line": 135, "column": 50}
          },
          {
            "start": {"line": 135, "column": 54},
            "end": {"line": 135, "column": 78}
          }
        ],
        "line": 135
      },
      "9": {
        "loc": {
          "start": {"line": 168, "column": 8},
          "end": {"line": 188, "column": 9}
        },
        "type": "switch",
        "locations": [
          {
            "start": {"line": 169, "column": 10},
            "end": {"line": 171, "column": 39}
          },
          {
            "start": {"line": 173, "column": 10},
            "end": {"line": 175, "column": 28}
          },
          {
            "start": {"line": 177, "column": 10},
            "end": {"line": 179, "column": 31}
          },
          {
            "start": {"line": 181, "column": 10},
            "end": {"line": 183, "column": 36}
          },
          {
            "start": {"line": 185, "column": 10},
            "end": {"line": 185, "column": 17}
          },
          {
            "start": {"line": 186, "column": 10},
            "end": {"line": 187, "column": 36}
          }
        ],
        "line": 168
      },
      "10": {
        "loc": {
          "start": {"line": 195, "column": 0},
          "end": {"line": 199, "column": 1}
        },
        "type": "if",
        "locations": [
          {
            "start": {"line": 195, "column": 0},
            "end": {"line": 199, "column": 1}
          },
          {
            "start": {"line": 195, "column": 0},
            "end": {"line": 199, "column": 1}
          }
        ],
        "line": 195
      }
    },
    "s": {
      "0": 0,
      "1": 0,
      "2": 0,
      "3": 0,
      "4": 0,
      "5": 0,
      "6": 0,
      "7": 0,
      "8": 1,
      "9": 0,
      "10": 0,
      "11": 0,
      "12": 0,
      "13": 0,
      "14": 0,
      "15": 0,
      "16": 1,
      "17": 1,
      "18": 1,
      "19": 1,
      "20": 1,
      "21": 1,
      "22": 1,
      "23": 1,
      "24": 1,
      "25": 1,
      "26": 1,
      "27": 1,
      "28": 1,
      "29": 1,
      "30": 1,
      "31": 1,
      "32": 1,
      "33": 1,
      "34": 1,
      "35": 0,
      "36": 1,
      "37": 1,
      "38": 0,
      "39": 0,
      "40": 0,
      "41": 0,
      "42": 0,
      "43": 0,
      "44": 0,
      "45": 0,
      "46": 0,
      "47": 0,
      "48": 0,
      "49": 0,
      "50": 0,
      "51": 0,
      "52": 1,
      "53": 0,
      "54": 1,
      "55": 1,
      "56": 1,
      "57": 1,
      "58": 1,
      "59": 1,
      "60": 1,
      "61": 1,
      "62": 1,
      "63": 1,
      "64": 1,
      "65": 1,
      "66": 0,
      "67": 0,
      "68": 0,
      "69": 0,
      "70": 0,
      "71": 1,
      "72": 0,
      "73": 1,
      "74": 0,
      "75": 0,
      "76": 0,
      "77": 1,
      "78": 0,
      "79": 0,
      "80": 0,
      "81": 0,
      "82": 1,
      "83": 0,
      "84": 0,
      "85": 0,
      "86": 0,
      "87": 0,
      "88": 0,
      "89": 0,
      "90": 0,
      "91": 0,
      "92": 0,
      "93": 0,
      "94": 0,
      "95": 0,
      "96": 0,
      "97": 0,
      "98": 0,
      "99": 1,
      "100": 0,
      "101": 1
    },
    "f": {
      "0": 0,
      "1": 1,
      "2": 0,
      "3": 0,
      "4": 0,
      "5": 0,
      "6": 1,
      "7": 0,
      "8": 1,
      "9": 0,
      "10": 0,
      "11": 0,
      "12": 1,
      "13": 0,
      "14": 0,
      "15": 0,
      "16": 0,
      "17": 0,
      "18": 0,
      "19": 0,
      "20": 0,
      "21": 0,
      "22": 0
    },
    "b": {
      "0": [0, 0],
      "1": [1, 1],
      "2": [1, 0],
      "3": [1, 0],
      "4": [0, 0, 0, 0, 0],
      "5": [1, 1],
      "6": [0, 0],
      "7": [0, 0],
      "8": [0, 0],
      "9": [0, 0, 0, 0, 0, 0],
      "10": [0, 1]
    },
    "_coverageSchema": "43e27e138ebf9cfc5966b082cf9a028302ed4184",
    "hash": "177818bf82b9d784568fc282166f8febecc746b9",
    "contentHash": "072e469206eb932f53a70448262a4bc8"
  },
  "/Users/Joan/senior-phase/shoebae/secrets.js": {
    "path": "/Users/Joan/senior-phase/shoebae/secrets.js",
    "statementMap": {
      "0": {
        "start": {"line": 3, "column": 23},
        "end": {"line": 3, "column": 97}
      },
      "1": {
        "start": {"line": 4, "column": 27},
        "end": {"line": 4, "column": 53}
      },
      "2": {
        "start": {"line": 5, "column": 22},
        "end": {"line": 5, "column": 66}
      },
      "3": {"start": {"line": 6, "column": 0}, "end": {"line": 10, "column": 2}}
    },
    "fnMap": {},
    "branchMap": {},
    "s": {"0": 1, "1": 1, "2": 1, "3": 1},
    "f": {},
    "b": {},
    "_coverageSchema": "43e27e138ebf9cfc5966b082cf9a028302ed4184",
    "hash": "86e3b564e469d5d87ef7d69b73f3e1878369cf77",
    "contentHash": "fa0391ae645a08043bdb58edde3a3e79"
  },
  "/Users/Joan/senior-phase/shoebae/server/auth/index.js": {
    "path": "/Users/Joan/senior-phase/shoebae/server/auth/index.js",
    "statementMap": {
      "0": {
        "start": {"line": 3, "column": 77},
        "end": {"line": 3, "column": 175}
      },
      "1": {
        "start": {"line": 3, "column": 94},
        "end": {"line": 3, "column": 107}
      },
      "2": {
        "start": {"line": 3, "column": 121},
        "end": {"line": 3, "column": 131}
      },
      "3": {
        "start": {"line": 3, "column": 151},
        "end": {"line": 3, "column": 165}
      },
      "4": {
        "start": {"line": 3, "column": 166},
        "end": {"line": 3, "column": 173}
      },
      "5": {
        "start": {"line": 3, "column": 176},
        "end": {"line": 3, "column": 263}
      },
      "6": {
        "start": {"line": 3, "column": 193},
        "end": {"line": 3, "column": 208}
      },
      "7": {
        "start": {"line": 3, "column": 218},
        "end": {"line": 3, "column": 261}
      },
      "8": {
        "start": {"line": 5, "column": 33},
        "end": {"line": 5, "column": 387}
      },
      "9": {
        "start": {"line": 5, "column": 65},
        "end": {"line": 5, "column": 69}
      },
      "10": {
        "start": {"line": 5, "column": 78},
        "end": {"line": 5, "column": 87}
      },
      "11": {
        "start": {"line": 5, "column": 89},
        "end": {"line": 5, "column": 384}
      },
      "12": {
        "start": {"line": 5, "column": 147},
        "end": {"line": 5, "column": 167}
      },
      "13": {
        "start": {"line": 5, "column": 193},
        "end": {"line": 5, "column": 264}
      },
      "14": {
        "start": {"line": 5, "column": 290},
        "end": {"line": 5, "column": 360}
      },
      "15": {
        "start": {"line": 5, "column": 363},
        "end": {"line": 5, "column": 380}
      },
      "16": {
        "start": {"line": 7, "column": 13},
        "end": {"line": 7, "column": 40}
      },
      "17": {
        "start": {"line": 9, "column": 11},
        "end": {"line": 9, "column": 39}
      },
      "18": {
        "start": {"line": 11, "column": 12},
        "end": {"line": 11, "column": 41}
      },
      "19": {
        "start": {"line": 13, "column": 15},
        "end": {"line": 13, "column": 33}
      },
      "20": {
        "start": {"line": 14, "column": 19},
        "end": {"line": 14, "column": 40}
      },
      "21": {
        "start": {"line": 16, "column": 0},
        "end": {"line": 16, "column": 24}
      },
      "22": {
        "start": {"line": 17, "column": 0},
        "end": {"line": 73, "column": 5}
      },
      "23": {
        "start": {"line": 20, "column": 13},
        "end": {"line": 68, "column": 5}
      },
      "24": {
        "start": {"line": 24, "column": 4},
        "end": {"line": 67, "column": 32}
      },
      "25": {
        "start": {"line": 25, "column": 6},
        "end": {"line": 66, "column": 7}
      },
      "26": {
        "start": {"line": 26, "column": 8},
        "end": {"line": 65, "column": 9}
      },
      "27": {
        "start": {"line": 28, "column": 12},
        "end": {"line": 28, "column": 30}
      },
      "28": {
        "start": {"line": 29, "column": 12},
        "end": {"line": 29, "column": 30}
      },
      "29": {
        "start": {"line": 30, "column": 12},
        "end": {"line": 37, "column": 15}
      },
      "30": {
        "start": {"line": 40, "column": 12},
        "end": {"line": 40, "column": 33}
      },
      "31": {
        "start": {"line": 42, "column": 12},
        "end": {"line": 52, "column": 13}
      },
      "32": {
        "start": {"line": 43, "column": 14},
        "end": {"line": 43, "column": 65}
      },
      "33": {
        "start": {"line": 44, "column": 14},
        "end": {"line": 44, "column": 69}
      },
      "34": {
        "start": {"line": 45, "column": 19},
        "end": {"line": 52, "column": 13}
      },
      "35": {
        "start": {"line": 46, "column": 14},
        "end": {"line": 46, "column": 74}
      },
      "36": {
        "start": {"line": 47, "column": 14},
        "end": {"line": 47, "column": 69}
      },
      "37": {
        "start": {"line": 49, "column": 14},
        "end": {"line": 51, "column": 17}
      },
      "38": {
        "start": {"line": 50, "column": 16},
        "end": {"line": 50, "column": 56}
      },
      "39": {
        "start": {"line": 54, "column": 12},
        "end": {"line": 54, "column": 31}
      },
      "40": {
        "start": {"line": 55, "column": 12},
        "end": {"line": 55, "column": 18}
      },
      "41": {
        "start": {"line": 58, "column": 12},
        "end": {"line": 58, "column": 30}
      },
      "42": {
        "start": {"line": 59, "column": 12},
        "end": {"line": 59, "column": 47}
      },
      "43": {
        "start": {"line": 60, "column": 12},
        "end": {"line": 60, "column": 30}
      },
      "44": {
        "start": {"line": 64, "column": 12},
        "end": {"line": 64, "column": 35}
      },
      "45": {
        "start": {"line": 70, "column": 2},
        "end": {"line": 72, "column": 4}
      },
      "46": {
        "start": {"line": 71, "column": 4},
        "end": {"line": 71, "column": 39}
      },
      "47": {
        "start": {"line": 74, "column": 0},
        "end": {"line": 154, "column": 5}
      },
      "48": {
        "start": {"line": 77, "column": 14},
        "end": {"line": 149, "column": 5}
      },
      "49": {
        "start": {"line": 81, "column": 4},
        "end": {"line": 148, "column": 34}
      },
      "50": {
        "start": {"line": 82, "column": 6},
        "end": {"line": 147, "column": 7}
      },
      "51": {
        "start": {"line": 83, "column": 8},
        "end": {"line": 146, "column": 9}
      },
      "52": {
        "start": {"line": 85, "column": 12},
        "end": {"line": 85, "column": 31}
      },
      "53": {
        "start": {"line": 86, "column": 12},
        "end": {"line": 86, "column": 31}
      },
      "54": {
        "start": {"line": 87, "column": 12},
        "end": {"line": 87, "column": 41}
      },
      "55": {
        "start": {"line": 90, "column": 12},
        "end": {"line": 90, "column": 34}
      },
      "56": {
        "start": {"line": 91, "column": 12},
        "end": {"line": 91, "column": 31}
      },
      "57": {
        "start": {"line": 92, "column": 12},
        "end": {"line": 96, "column": 15}
      },
      "58": {
        "start": {"line": 99, "column": 12},
        "end": {"line": 99, "column": 34}
      },
      "59": {
        "start": {"line": 101, "column": 12},
        "end": {"line": 101, "column": 48}
      },
      "60": {
        "start": {"line": 103, "column": 12},
        "end": {"line": 106, "column": 13}
      },
      "61": {
        "start": {"line": 104, "column": 14},
        "end": {"line": 104, "column": 34}
      },
      "62": {
        "start": {"line": 105, "column": 14},
        "end": {"line": 105, "column": 20}
      },
      "63": {
        "start": {"line": 108, "column": 12},
        "end": {"line": 108, "column": 32}
      },
      "64": {
        "start": {"line": 109, "column": 12},
        "end": {"line": 113, "column": 15}
      },
      "65": {
        "start": {"line": 116, "column": 12},
        "end": {"line": 116, "column": 32}
      },
      "66": {
        "start": {"line": 117, "column": 12},
        "end": {"line": 117, "column": 18}
      },
      "67": {
        "start": {"line": 120, "column": 12},
        "end": {"line": 120, "column": 32}
      },
      "68": {
        "start": {"line": 121, "column": 12},
        "end": {"line": 124, "column": 15}
      },
      "69": {
        "start": {"line": 127, "column": 12},
        "end": {"line": 129, "column": 15}
      },
      "70": {
        "start": {"line": 128, "column": 14},
        "end": {"line": 128, "column": 54}
      },
      "71": {
        "start": {"line": 130, "column": 12},
        "end": {"line": 130, "column": 32}
      },
      "72": {
        "start": {"line": 131, "column": 12},
        "end": {"line": 131, "column": 18}
      },
      "73": {
        "start": {"line": 134, "column": 12},
        "end": {"line": 134, "column": 32}
      },
      "74": {
        "start": {"line": 135, "column": 12},
        "end": {"line": 135, "column": 49}
      },
      "75": {
        "start": {"line": 137, "column": 12},
        "end": {"line": 141, "column": 13}
      },
      "76": {
        "start": {"line": 138, "column": 14},
        "end": {"line": 138, "column": 58}
      },
      "77": {
        "start": {"line": 140, "column": 14},
        "end": {"line": 140, "column": 33}
      },
      "78": {
        "start": {"line": 145, "column": 12},
        "end": {"line": 145, "column": 36}
      },
      "79": {
        "start": {"line": 151, "column": 2},
        "end": {"line": 153, "column": 4}
      },
      "80": {
        "start": {"line": 152, "column": 4},
        "end": {"line": 152, "column": 40}
      },
      "81": {
        "start": {"line": 155, "column": 0},
        "end": {"line": 159, "column": 3}
      },
      "82": {
        "start": {"line": 156, "column": 2},
        "end": {"line": 156, "column": 15}
      },
      "83": {
        "start": {"line": 157, "column": 2},
        "end": {"line": 157, "column": 24}
      },
      "84": {
        "start": {"line": 158, "column": 2},
        "end": {"line": 158, "column": 20}
      },
      "85": {
        "start": {"line": 160, "column": 0},
        "end": {"line": 162, "column": 3}
      },
      "86": {
        "start": {"line": 161, "column": 2},
        "end": {"line": 161, "column": 21}
      },
      "87": {
        "start": {"line": 163, "column": 0},
        "end": {"line": 163, "column": 43}
      }
    },
    "fnMap": {
      "0": {
        "name": "asyncGeneratorStep",
        "decl": {
          "start": {"line": 3, "column": 9},
          "end": {"line": 3, "column": 27}
        },
        "loc": {
          "start": {"line": 3, "column": 75},
          "end": {"line": 3, "column": 265}
        },
        "line": 3
      },
      "1": {
        "name": "_asyncToGenerator",
        "decl": {
          "start": {"line": 5, "column": 9},
          "end": {"line": 5, "column": 26}
        },
        "loc": {
          "start": {"line": 5, "column": 31},
          "end": {"line": 5, "column": 389}
        },
        "line": 5
      },
      "2": {
        "name": "(anonymous_2)",
        "decl": {
          "start": {"line": 5, "column": 40},
          "end": {"line": 5, "column": 41}
        },
        "loc": {
          "start": {"line": 5, "column": 52},
          "end": {"line": 5, "column": 386}
        },
        "line": 5
      },
      "3": {
        "name": "(anonymous_3)",
        "decl": {
          "start": {"line": 5, "column": 108},
          "end": {"line": 5, "column": 109}
        },
        "loc": {
          "start": {"line": 5, "column": 135},
          "end": {"line": 5, "column": 382}
        },
        "line": 5
      },
      "4": {
        "name": "_next",
        "decl": {
          "start": {"line": 5, "column": 178},
          "end": {"line": 5, "column": 183}
        },
        "loc": {
          "start": {"line": 5, "column": 191},
          "end": {"line": 5, "column": 266}
        },
        "line": 5
      },
      "5": {
        "name": "_throw",
        "decl": {
          "start": {"line": 5, "column": 276},
          "end": {"line": 5, "column": 282}
        },
        "loc": {
          "start": {"line": 5, "column": 288},
          "end": {"line": 5, "column": 362}
        },
        "line": 5
      },
      "6": {
        "name": "(anonymous_6)",
        "decl": {
          "start": {"line": 19, "column": 0},
          "end": {"line": 19, "column": 1}
        },
        "loc": {
          "start": {"line": 19, "column": 12},
          "end": {"line": 73, "column": 1}
        },
        "line": 19
      },
      "7": {
        "name": "_callee",
        "decl": {
          "start": {"line": 22, "column": 35},
          "end": {"line": 22, "column": 42}
        },
        "loc": {
          "start": {"line": 22, "column": 59},
          "end": {"line": 68, "column": 3}
        },
        "line": 22
      },
      "8": {
        "name": "_callee$",
        "decl": {
          "start": {"line": 24, "column": 44},
          "end": {"line": 24, "column": 52}
        },
        "loc": {
          "start": {"line": 24, "column": 63},
          "end": {"line": 67, "column": 5}
        },
        "line": 24
      },
      "9": {
        "name": "(anonymous_9)",
        "decl": {
          "start": {"line": 49, "column": 30},
          "end": {"line": 49, "column": 31}
        },
        "loc": {
          "start": {"line": 49, "column": 45},
          "end": {"line": 51, "column": 15}
        },
        "line": 49
      },
      "10": {
        "name": "(anonymous_10)",
        "decl": {
          "start": {"line": 70, "column": 9},
          "end": {"line": 70, "column": 10}
        },
        "loc": {
          "start": {"line": 70, "column": 33},
          "end": {"line": 72, "column": 3}
        },
        "line": 70
      },
      "11": {
        "name": "(anonymous_11)",
        "decl": {
          "start": {"line": 76, "column": 0},
          "end": {"line": 76, "column": 1}
        },
        "loc": {
          "start": {"line": 76, "column": 12},
          "end": {"line": 154, "column": 1}
        },
        "line": 76
      },
      "12": {
        "name": "_callee2",
        "decl": {
          "start": {"line": 79, "column": 35},
          "end": {"line": 79, "column": 43}
        },
        "loc": {
          "start": {"line": 79, "column": 60},
          "end": {"line": 149, "column": 3}
        },
        "line": 79
      },
      "13": {
        "name": "_callee2$",
        "decl": {
          "start": {"line": 81, "column": 44},
          "end": {"line": 81, "column": 53}
        },
        "loc": {
          "start": {"line": 81, "column": 65},
          "end": {"line": 148, "column": 5}
        },
        "line": 81
      },
      "14": {
        "name": "(anonymous_14)",
        "decl": {
          "start": {"line": 127, "column": 28},
          "end": {"line": 127, "column": 29}
        },
        "loc": {
          "start": {"line": 127, "column": 43},
          "end": {"line": 129, "column": 13}
        },
        "line": 127
      },
      "15": {
        "name": "(anonymous_15)",
        "decl": {
          "start": {"line": 151, "column": 9},
          "end": {"line": 151, "column": 10}
        },
        "loc": {
          "start": {"line": 151, "column": 34},
          "end": {"line": 153, "column": 3}
        },
        "line": 151
      },
      "16": {
        "name": "(anonymous_16)",
        "decl": {
          "start": {"line": 155, "column": 37},
          "end": {"line": 155, "column": 38}
        },
        "loc": {
          "start": {"line": 155, "column": 57},
          "end": {"line": 159, "column": 1}
        },
        "line": 155
      },
      "17": {
        "name": "(anonymous_17)",
        "decl": {
          "start": {"line": 160, "column": 32},
          "end": {"line": 160, "column": 33}
        },
        "loc": {
          "start": {"line": 160, "column": 52},
          "end": {"line": 162, "column": 1}
        },
        "line": 160
      }
    },
    "branchMap": {
      "0": {
        "loc": {
          "start": {"line": 3, "column": 176},
          "end": {"line": 3, "column": 263}
        },
        "type": "if",
        "locations": [
          {
            "start": {"line": 3, "column": 176},
            "end": {"line": 3, "column": 263}
          },
          {
            "start": {"line": 3, "column": 176},
            "end": {"line": 3, "column": 263}
          }
        ],
        "line": 3
      },
      "1": {
        "loc": {
          "start": {"line": 26, "column": 8},
          "end": {"line": 65, "column": 9}
        },
        "type": "switch",
        "locations": [
          {
            "start": {"line": 27, "column": 10},
            "end": {"line": 37, "column": 15}
          },
          {
            "start": {"line": 39, "column": 10},
            "end": {"line": 55, "column": 18}
          },
          {
            "start": {"line": 57, "column": 10},
            "end": {"line": 60, "column": 30}
          },
          {
            "start": {"line": 62, "column": 10},
            "end": {"line": 62, "column": 18}
          },
          {
            "start": {"line": 63, "column": 10},
            "end": {"line": 64, "column": 35}
          }
        ],
        "line": 26
      },
      "2": {
        "loc": {
          "start": {"line": 42, "column": 12},
          "end": {"line": 52, "column": 13}
        },
        "type": "if",
        "locations": [
          {
            "start": {"line": 42, "column": 12},
            "end": {"line": 52, "column": 13}
          },
          {
            "start": {"line": 42, "column": 12},
            "end": {"line": 52, "column": 13}
          }
        ],
        "line": 42
      },
      "3": {
        "loc": {
          "start": {"line": 45, "column": 19},
          "end": {"line": 52, "column": 13}
        },
        "type": "if",
        "locations": [
          {
            "start": {"line": 45, "column": 19},
            "end": {"line": 52, "column": 13}
          },
          {
            "start": {"line": 45, "column": 19},
            "end": {"line": 52, "column": 13}
          }
        ],
        "line": 45
      },
      "4": {
        "loc": {
          "start": {"line": 50, "column": 23},
          "end": {"line": 50, "column": 55}
        },
        "type": "cond-expr",
        "locations": [
          {
            "start": {"line": 50, "column": 29},
            "end": {"line": 50, "column": 38}
          },
          {
            "start": {"line": 50, "column": 41},
            "end": {"line": 50, "column": 55}
          }
        ],
        "line": 50
      },
      "5": {
        "loc": {
          "start": {"line": 83, "column": 8},
          "end": {"line": 146, "column": 9}
        },
        "type": "switch",
        "locations": [
          {
            "start": {"line": 84, "column": 10},
            "end": {"line": 87, "column": 41}
          },
          {
            "start": {"line": 89, "column": 10},
            "end": {"line": 96, "column": 15}
          },
          {
            "start": {"line": 98, "column": 10},
            "end": {"line": 113, "column": 15}
          },
          {
            "start": {"line": 115, "column": 10},
            "end": {"line": 117, "column": 18}
          },
          {
            "start": {"line": 119, "column": 10},
            "end": {"line": 124, "column": 15}
          },
          {
            "start": {"line": 126, "column": 10},
            "end": {"line": 131, "column": 18}
          },
          {
            "start": {"line": 133, "column": 10},
            "end": {"line": 141, "column": 13}
          },
          {
            "start": {"line": 143, "column": 10},
            "end": {"line": 143, "column": 18}
          },
          {
            "start": {"line": 144, "column": 10},
            "end": {"line": 145, "column": 36}
          }
        ],
        "line": 83
      },
      "6": {
        "loc": {
          "start": {"line": 103, "column": 12},
          "end": {"line": 106, "column": 13}
        },
        "type": "if",
        "locations": [
          {
            "start": {"line": 103, "column": 12},
            "end": {"line": 106, "column": 13}
          },
          {
            "start": {"line": 103, "column": 12},
            "end": {"line": 106, "column": 13}
          }
        ],
        "line": 103
      },
      "7": {
        "loc": {
          "start": {"line": 128, "column": 21},
          "end": {"line": 128, "column": 53}
        },
        "type": "cond-expr",
        "locations": [
          {
            "start": {"line": 128, "column": 27},
            "end": {"line": 128, "column": 36}
          },
          {
            "start": {"line": 128, "column": 39},
            "end": {"line": 128, "column": 53}
          }
        ],
        "line": 128
      },
      "8": {
        "loc": {
          "start": {"line": 137, "column": 12},
          "end": {"line": 141, "column": 13}
        },
        "type": "if",
        "locations": [
          {
            "start": {"line": 137, "column": 12},
            "end": {"line": 141, "column": 13}
          },
          {
            "start": {"line": 137, "column": 12},
            "end": {"line": 141, "column": 13}
          }
        ],
        "line": 137
      }
    },
    "s": {
      "0": 0,
      "1": 0,
      "2": 0,
      "3": 0,
      "4": 0,
      "5": 0,
      "6": 0,
      "7": 0,
      "8": 2,
      "9": 0,
      "10": 0,
      "11": 0,
      "12": 0,
      "13": 0,
      "14": 0,
      "15": 0,
      "16": 1,
      "17": 1,
      "18": 1,
      "19": 1,
      "20": 1,
      "21": 1,
      "22": 1,
      "23": 1,
      "24": 0,
      "25": 0,
      "26": 0,
      "27": 0,
      "28": 0,
      "29": 0,
      "30": 0,
      "31": 0,
      "32": 0,
      "33": 0,
      "34": 0,
      "35": 0,
      "36": 0,
      "37": 0,
      "38": 0,
      "39": 0,
      "40": 0,
      "41": 0,
      "42": 0,
      "43": 0,
      "44": 0,
      "45": 1,
      "46": 0,
      "47": 1,
      "48": 1,
      "49": 0,
      "50": 0,
      "51": 0,
      "52": 0,
      "53": 0,
      "54": 0,
      "55": 0,
      "56": 0,
      "57": 0,
      "58": 0,
      "59": 0,
      "60": 0,
      "61": 0,
      "62": 0,
      "63": 0,
      "64": 0,
      "65": 0,
      "66": 0,
      "67": 0,
      "68": 0,
      "69": 0,
      "70": 0,
      "71": 0,
      "72": 0,
      "73": 0,
      "74": 0,
      "75": 0,
      "76": 0,
      "77": 0,
      "78": 0,
      "79": 1,
      "80": 0,
      "81": 1,
      "82": 0,
      "83": 0,
      "84": 0,
      "85": 1,
      "86": 0,
      "87": 1
    },
    "f": {
      "0": 0,
      "1": 2,
      "2": 0,
      "3": 0,
      "4": 0,
      "5": 0,
      "6": 1,
      "7": 0,
      "8": 0,
      "9": 0,
      "10": 0,
      "11": 1,
      "12": 0,
      "13": 0,
      "14": 0,
      "15": 0,
      "16": 0,
      "17": 0
    },
    "b": {
      "0": [0, 0],
      "1": [0, 0, 0, 0, 0],
      "2": [0, 0],
      "3": [0, 0],
      "4": [0, 0],
      "5": [0, 0, 0, 0, 0, 0, 0, 0, 0],
      "6": [0, 0],
      "7": [0, 0],
      "8": [0, 0]
    },
    "_coverageSchema": "43e27e138ebf9cfc5966b082cf9a028302ed4184",
    "hash": "6a20d8d7a1184fe5a8337b7577fa185d5bdd08a1",
    "contentHash": "73265f6b8aac2b239f091c233851b6fa"
  },
  "/Users/Joan/senior-phase/shoebae/server/util.js": {
    "path": "/Users/Joan/senior-phase/shoebae/server/util.js",
    "statementMap": {
      "0": {
        "start": {"line": 3, "column": 19},
        "end": {"line": 9, "column": 1}
      },
      "1": {"start": {"line": 4, "column": 2}, "end": {"line": 6, "column": 3}},
      "2": {
        "start": {"line": 5, "column": 4},
[...]
      },
      "69": {
        "start": {"line": 163, "column": 12},
        "end": {"line": 163, "column": 31}
      },
      "70": {
        "start": {"line": 164, "column": 12},
        "end": {"line": 168, "column": 15}
      },
      "71": {
        "start": {"line": 171, "column": 12},
        "end": {"line": 171, "column": 31}
      },
      "72": {
        "start": {"line": 172, "column": 12},
        "end": {"line": 176, "column": 15}
      },
      "73": {
        "start": {"line": 179, "column": 12},
        "end": {"line": 179, "column": 31}
      },
      "74": {
        "start": {"line": 180, "column": 12},
        "end": {"line": 184, "column": 15}
      },
      "75": {
        "start": {"line": 187, "column": 12},
        "end": {"line": 187, "column": 31}
      },
      "76": {
        "start": {"line": 188, "column": 12},
        "end": {"line": 192, "column": 15}
      },
      "77": {
        "start": {"line": 195, "column": 12},
        "end": {"line": 195, "column": 31}
      },
      "78": {
        "start": {"line": 196, "column": 12},
        "end": {"line": 200, "column": 15}
      },
      "79": {
        "start": {"line": 203, "column": 12},
        "end": {"line": 203, "column": 66}
      },
      "80": {
        "start": {"line": 204, "column": 12},
        "end": {"line": 204, "column": 47}
      },
      "81": {
        "start": {"line": 208, "column": 12},
        "end": {"line": 208, "column": 35}
      },
      "82": {
        "start": {"line": 213, "column": 2},
        "end": {"line": 213, "column": 38}
      },
      "83": {
        "start": {"line": 217, "column": 2},
        "end": {"line": 217, "column": 41}
      },
      "84": {
        "start": {"line": 224, "column": 2},
        "end": {"line": 262, "column": 6}
      },
      "85": {
        "start": {"line": 227, "column": 4},
        "end": {"line": 261, "column": 41}
      },
      "86": {
        "start": {"line": 228, "column": 6},
        "end": {"line": 260, "column": 7}
      },
      "87": {
        "start": {"line": 229, "column": 8},
        "end": {"line": 259, "column": 9}
      },
      "88": {
        "start": {"line": 231, "column": 12},
        "end": {"line": 231, "column": 38}
      },
      "89": {
        "start": {"line": 232, "column": 12},
        "end": {"line": 232, "column": 31}
      },
      "90": {
        "start": {"line": 233, "column": 12},
        "end": {"line": 233, "column": 31}
      },
      "91": {
        "start": {"line": 234, "column": 12},
        "end": {"line": 234, "column": 26}
      },
      "92": {
        "start": {"line": 237, "column": 12},
        "end": {"line": 237, "column": 32}
      },
      "93": {
        "start": {"line": 238, "column": 12},
        "end": {"line": 238, "column": 18}
      },
      "94": {
        "start": {"line": 241, "column": 12},
        "end": {"line": 241, "column": 31}
      },
      "95": {
        "start": {"line": 242, "column": 12},
        "end": {"line": 242, "column": 49}
      },
      "96": {
        "start": {"line": 243, "column": 12},
        "end": {"line": 243, "column": 40}
      },
      "97": {
        "start": {"line": 244, "column": 12},
        "end": {"line": 244, "column": 33}
      },
      "98": {
        "start": {"line": 247, "column": 12},
        "end": {"line": 247, "column": 32}
      },
      "99": {
        "start": {"line": 248, "column": 12},
        "end": {"line": 248, "column": 49}
      },
      "100": {
        "start": {"line": 249, "column": 12},
        "end": {"line": 249, "column": 32}
      },
      "101": {
        "start": {"line": 250, "column": 12},
        "end": {"line": 250, "column": 30}
      },
      "102": {
        "start": {"line": 253, "column": 12},
        "end": {"line": 253, "column": 48}
      },
      "103": {
        "start": {"line": 254, "column": 12},
        "end": {"line": 254, "column": 40}
      },
      "104": {
        "start": {"line": 258, "column": 12},
        "end": {"line": 258, "column": 36}
      },
      "105": {
        "start": {"line": 263, "column": 2},
        "end": {"line": 263, "column": 41}
      },
      "106": {
        "start": {"line": 266, "column": 0},
        "end": {"line": 268, "column": 1}
      },
      "107": {
        "start": {"line": 267, "column": 2},
        "end": {"line": 267, "column": 12}
      },
      "108": {
        "start": {"line": 271, "column": 0},
        "end": {"line": 271, "column": 22}
      }
    },
    "fnMap": {
      "0": {
        "name": "_slicedToArray",
        "decl": {
          "start": {"line": 3, "column": 9},
          "end": {"line": 3, "column": 23}
        },
        "loc": {
          "start": {"line": 3, "column": 32},
          "end": {"line": 3, "column": 119}
        },
        "line": 3
      },
      "1": {
        "name": "_nonIterableRest",
        "decl": {
          "start": {"line": 5, "column": 9},
          "end": {"line": 5, "column": 25}
        },
        "loc": {
          "start": {"line": 5, "column": 28},
          "end": {"line": 5, "column": 108}
        },
        "line": 5
      },
      "2": {
        "name": "_iterableToArrayLimit",
        "decl": {
          "start": {"line": 7, "column": 9},
          "end": {"line": 7, "column": 30}
        },
        "loc": {
          "start": {"line": 7, "column": 39},
          "end": {"line": 7, "column": 409}
        },
        "line": 7
      },
      "3": {
        "name": "_arrayWithHoles",
        "decl": {
          "start": {"line": 9, "column": 9},
          "end": {"line": 9, "column": 24}
        },
        "loc": {
          "start": {"line": 9, "column": 30},
          "end": {"line": 9, "column": 69}
        },
        "line": 9
      },
      "4": {
        "name": "asyncGeneratorStep",
        "decl": {
          "start": {"line": 11, "column": 9},
          "end": {"line": 11, "column": 27}
        },
        "loc": {
          "start": {"line": 11, "column": 75},
          "end": {"line": 11, "column": 265}
        },
        "line": 11
      },
      "5": {
        "name": "_asyncToGenerator",
        "decl": {
          "start": {"line": 13, "column": 9},
          "end": {"line": 13, "column": 26}
        },
        "loc": {
          "start": {"line": 13, "column": 31},
          "end": {"line": 13, "column": 389}
        },
        "line": 13
      },
      "6": {
        "name": "(anonymous_6)",
        "decl": {
          "start": {"line": 13, "column": 40},
          "end": {"line": 13, "column": 41}
        },
        "loc": {
          "start": {"line": 13, "column": 52},
          "end": {"line": 13, "column": 386}
        },
        "line": 13
      },
      "7": {
        "name": "(anonymous_7)",
        "decl": {
          "start": {"line": 13, "column": 108},
          "end": {"line": 13, "column": 109}
        },
        "loc": {
          "start": {"line": 13, "column": 135},
          "end": {"line": 13, "column": 382}
        },
        "line": 13
      },
      "8": {
        "name": "_next",
        "decl": {
          "start": {"line": 13, "column": 178},
          "end": {"line": 13, "column": 183}
        },
        "loc": {
          "start": {"line": 13, "column": 191},
          "end": {"line": 13, "column": 266}
        },
        "line": 13
      },
      "9": {
        "name": "_throw",
        "decl": {
          "start": {"line": 13, "column": 276},
          "end": {"line": 13, "column": 282}
        },
        "loc": {
          "start": {"line": 13, "column": 288},
          "end": {"line": 13, "column": 362}
        },
        "line": 13
      },
      "10": {
        "name": "seed",
        "decl": {
          "start": {"line": 22, "column": 9},
          "end": {"line": 22, "column": 13}
        },
        "loc": {
          "start": {"line": 22, "column": 16},
          "end": {"line": 24, "column": 1}
        },
        "line": 22
      },
      "11": {
        "name": "_seed",
        "decl": {
          "start": {"line": 29, "column": 9},
          "end": {"line": 29, "column": 14}
        },
        "loc": {
          "start": {"line": 29, "column": 17},
          "end": {"line": 214, "column": 1}
        },
        "line": 29
      },
      "12": {
        "name": "_callee",
        "decl": {
          "start": {"line": 32, "column": 35},
          "end": {"line": 32, "column": 42}
        },
        "loc": {
          "start": {"line": 32, "column": 45},
          "end": {"line": 212, "column": 3}
        },
        "line": 32
      },
      "13": {
        "name": "_callee$",
        "decl": {
          "start": {"line": 35, "column": 44},
          "end": {"line": 35, "column": 52}
        },
        "loc": {
          "start": {"line": 35, "column": 63},
          "end": {"line": 211, "column": 5}
        },
        "line": 35
      },
      "14": {
        "name": "runSeed",
        "decl": {
          "start": {"line": 216, "column": 9},
          "end": {"line": 216, "column": 16}
        },
        "loc": {
          "start": {"line": 216, "column": 19},
          "end": {"line": 218, "column": 1}
        },
        "line": 216
      },
      "15": {
        "name": "_runSeed",
        "decl": {
          "start": {"line": 223, "column": 9},
          "end": {"line": 223, "column": 17}
        },
        "loc": {
          "start": {"line": 223, "column": 20},
          "end": {"line": 264, "column": 1}
        },
        "line": 223
      },
      "16": {
        "name": "_callee2",
        "decl": {
          "start": {"line": 226, "column": 35},
          "end": {"line": 226, "column": 43}
        },
        "loc": {
          "start": {"line": 226, "column": 46},
          "end": {"line": 262, "column": 3}
        },
        "line": 226
      },
      "17": {
        "name": "_callee2$",
        "decl": {
          "start": {"line": 227, "column": 44},
          "end": {"line": 227, "column": 53}
        },
        "loc": {
          "start": {"line": 227, "column": 65},
          "end": {"line": 261, "column": 5}
        },
        "line": 227
      }
    },
    "branchMap": {
      "0": {
        "loc": {
          "start": {"line": 3, "column": 41},
          "end": {"line": 3, "column": 116}
        },
        "type": "binary-expr",
        "locations": [
          {
            "start": {"line": 3, "column": 41},
            "end": {"line": 3, "column": 61}
          },
          {
            "start": {"line": 3, "column": 65},
            "end": {"line": 3, "column": 94}
          },
          {
            "start": {"line": 3, "column": 98},
            "end": {"line": 3, "column": 116}
          }
        ],
        "line": 3
      },
      "1": {
        "loc": {
          "start": {"line": 7, "column": 220},
          "end": {"line": 7, "column": 254}
        },
        "type": "if",
        "locations": [
          {
            "start": {"line": 7, "column": 220},
            "end": {"line": 7, "column": 254}
          },
          {
            "start": {"line": 7, "column": 220},
            "end": {"line": 7, "column": 254}
          }
        ],
        "line": 7
      },
      "2": {
        "loc": {
          "start": {"line": 7, "column": 224},
          "end": {"line": 7, "column": 246}
        },
        "type": "binary-expr",
        "locations": [
          {
            "start": {"line": 7, "column": 224},
            "end": {"line": 7, "column": 225}
          },
          {
            "start": {"line": 7, "column": 229},
            "end": {"line": 7, "column": 246}
          }
        ],
        "line": 7
      },
      "3": {
        "loc": {
          "start": {"line": 7, "column": 312},
          "end": {"line": 7, "column": 360}
        },
        "type": "if",
        "locations": [
          {
            "start": {"line": 7, "column": 312},
            "end": {"line": 7, "column": 360}
          },
          {
            "start": {"line": 7, "column": 312},
            "end": {"line": 7, "column": 360}
          }
        ],
        "line": 7
      },
      "4": {
        "loc": {
          "start": {"line": 7, "column": 316},
          "end": {"line": 7, "column": 343}
        },
        "type": "binary-expr",
        "locations": [
          {
            "start": {"line": 7, "column": 316},
            "end": {"line": 7, "column": 319}
          },
          {
            "start": {"line": 7, "column": 323},
            "end": {"line": 7, "column": 343}
          }
        ],
        "line": 7
      },
      "5": {
        "loc": {
          "start": {"line": 7, "column": 373},
          "end": {"line": 7, "column": 390}
        },
        "type": "if",
        "locations": [
          {
            "start": {"line": 7, "column": 373},
            "end": {"line": 7, "column": 390}
          },
          {
            "start": {"line": 7, "column": 373},
            "end": {"line": 7, "column": 390}
          }
        ],
        "line": 7
      },
      "6": {
        "loc": {
          "start": {"line": 9, "column": 32},
          "end": {"line": 9, "column": 67}
        },
        "type": "if",
        "locations": [
          {
            "start": {"line": 9, "column": 32},
            "end": {"line": 9, "column": 67}
          },
          {"start": {"line": 9, "column": 32}, "end": {"line": 9, "column": 67}}
        ],
        "line": 9
      },
      "7": {
        "loc": {
          "start": {"line": 11, "column": 176},
          "end": {"line": 11, "column": 263}
        },
        "type": "if",
        "locations": [
          {
            "start": {"line": 11, "column": 176},
            "end": {"line": 11, "column": 263}
          },
          {
            "start": {"line": 11, "column": 176},
            "end": {"line": 11, "column": 263}
          }
        ],
        "line": 11
      },
      "8": {
        "loc": {
          "start": {"line": 37, "column": 8},
          "end": {"line": 209, "column": 9}
        },
        "type": "switch",
        "locations": [
          {
            "start": {"line": 38, "column": 10},
            "end": {"line": 42, "column": 15}
          },
          {
            "start": {"line": 44, "column": 10},
            "end": {"line": 57, "column": 17}
          },
          {
            "start": {"line": 59, "column": 10},
            "end": {"line": 78, "column": 17}
          },
          {
            "start": {"line": 80, "column": 10},
            "end": {"line": 125, "column": 17}
          },
          {
            "start": {"line": 127, "column": 10},
            "end": {"line": 136, "column": 15}
          },
          {
            "start": {"line": 138, "column": 10},
            "end": {"line": 144, "column": 15}
          },
          {
            "start": {"line": 146, "column": 10},
            "end": {"line": 152, "column": 15}
          },
          {
            "start": {"line": 154, "column": 10},
            "end": {"line": 160, "column": 15}
          },
          {
            "start": {"line": 162, "column": 10},
            "end": {"line": 168, "column": 15}
          },
          {
            "start": {"line": 170, "column": 10},
            "end": {"line": 176, "column": 15}
          },
          {
            "start": {"line": 178, "column": 10},
            "end": {"line": 184, "column": 15}
          },
          {
            "start": {"line": 186, "column": 10},
            "end": {"line": 192, "column": 15}
          },
          {
            "start": {"line": 194, "column": 10},
            "end": {"line": 200, "column": 15}
          },
          {
            "start": {"line": 202, "column": 10},
            "end": {"line": 204, "column": 47}
          },
          {
            "start": {"line": 206, "column": 10},
            "end": {"line": 206, "column": 18}
          },
          {
            "start": {"line": 207, "column": 10},
            "end": {"line": 208, "column": 35}
          }
        ],
        "line": 37
      },
      "9": {
        "loc": {
          "start": {"line": 229, "column": 8},
          "end": {"line": 259, "column": 9}
        },
        "type": "switch",
        "locations": [
          {
            "start": {"line": 230, "column": 10},
            "end": {"line": 234, "column": 26}
          },
          {
            "start": {"line": 236, "column": 10},
            "end": {"line": 238, "column": 18}
          },
          {
            "start": {"line": 240, "column": 10},
            "end": {"line": 244, "column": 33}
          },
          {
            "start": {"line": 246, "column": 10},
            "end": {"line": 250, "column": 30}
          },
          {
            "start": {"line": 252, "column": 10},
            "end": {"line": 254, "column": 40}
          },
          {
            "start": {"line": 256, "column": 10},
            "end": {"line": 256, "column": 18}
          },
          {
            "start": {"line": 257, "column": 10},
            "end": {"line": 258, "column": 36}
          }
        ],
        "line": 229
      },
      "10": {
        "loc": {
          "start": {"line": 266, "column": 0},
          "end": {"line": 268, "column": 1}
        },
        "type": "if",
        "locations": [
          {
            "start": {"line": 266, "column": 0},
            "end": {"line": 268, "column": 1}
          },
          {
            "start": {"line": 266, "column": 0},
            "end": {"line": 268, "column": 1}
          }
        ],
        "line": 266
      }
    },
    "s": {
      "0": 2,
      "1": 0,
      "2": 0,
      "3": 0,
      "4": 0,
      "5": 0,
      "6": 0,
      "7": 0,
      "8": 0,
      "9": 0,
      "10": 0,
      "11": 0,
      "12": 0,
      "13": 0,
      "14": 0,
      "15": 0,
      "16": 0,
      "17": 0,
      "18": 0,
      "19": 2,
      "20": 2,
      "21": 14,
      "22": 14,
      "23": 14,
      "24": 0,
      "25": 0,
      "26": 14,
      "27": 1,
      "28": 13,
      "29": 1,
      "30": 1,
      "31": 1,
      "32": 1,
      "33": 1,
      "34": 14,
      "35": 0,
      "36": 1,
      "37": 1,
      "38": 1,
      "39": 1,
      "40": 1,
      "41": 1,
      "42": 1,
      "43": 1,
      "44": 1,
      "45": 14,
      "46": 14,
      "47": 1,
      "48": 1,
      "49": 1,
      "50": 1,
      "51": 1,
      "52": 1,
      "53": 1,
      "54": 1,
      "55": 1,
      "56": 1,
      "57": 1,
      "58": 1,
      "59": 1,
      "60": 1,
      "61": 1,
      "62": 1,
      "63": 1,
      "64": 1,
      "65": 1,
      "66": 1,
      "67": 1,
      "68": 1,
      "69": 1,
      "70": 1,
      "71": 1,
      "72": 1,
      "73": 1,
      "74": 1,
      "75": 1,
      "76": 1,
      "77": 1,
      "78": 1,
      "79": 1,
      "80": 1,
      "81": 1,
      "82": 1,
      "83": 0,
      "84": 0,
      "85": 0,
      "86": 0,
      "87": 0,
      "88": 0,
      "89": 0,
      "90": 0,
      "91": 0,
      "92": 0,
      "93": 0,
      "94": 0,
      "95": 0,
      "96": 0,
      "97": 0,
      "98": 0,
      "99": 0,
      "100": 0,
      "101": 0,
      "102": 0,
      "103": 0,
      "104": 0,
      "105": 0,
      "106": 1,
      "107": 0,
      "108": 1
    },
    "f": {
      "0": 2,
      "1": 0,
      "2": 0,
      "3": 2,
      "4": 14,
      "5": 1,
      "6": 1,
      "7": 1,
      "8": 14,
      "9": 0,
      "10": 1,
      "11": 1,
      "12": 1,
      "13": 14,
      "14": 0,
      "15": 0,
      "16": 0,
      "17": 0
    },
    "b": {
      "0": [2, 0, 0],
      "1": [0, 0],
      "2": [0, 0],
      "3": [0, 0],
      "4": [0, 0],
      "5": [0, 0],
      "6": [2, 0],
      "7": [1, 13],
      "8": [1, 1, 1, 1, 1, 1, 1, 1, 1, 1, 1, 1, 1, 1, 1, 1],
      "9": [0, 0, 0, 0, 0, 0, 0],
      "10": [0, 1]
    },
    "_coverageSchema": "43e27e138ebf9cfc5966b082cf9a028302ed4184",
    "hash": "c2ce49854a8250052a34fda2dbe3040b7a02a106",
    "contentHash": "31f102660e5c852af87feade6e757b78"
  }
}
